Log file open, 06/23/21 09:42:20
LogInit: Display: Running engine for game: HttpSample
LogPlatformFile: Not using cached read wrapper
LogTaskGraph: Started task graph with 5 named threads and 35 total threads with 3 sets of task threads.
LogStats: Stats thread started at 0.299934
LogD3D11RHI: Loaded GFSDK_Aftermath_Lib.x64.dll
LogICUInternationalization: ICU TimeZone Detection - Raw Offset: +9:00, Platform Override: ''
LogPluginManager: Mounting plugin Paper2D
LogPluginManager: Mounting plugin AISupport
LogPluginManager: Mounting plugin LightPropagationVolume
LogPluginManager: Mounting plugin CameraShakePreviewer
LogPluginManager: Mounting plugin ActorLayerUtilities
LogPluginManager: Mounting plugin AnimationSharing
LogPluginManager: Mounting plugin CLionSourceCodeAccess
LogPluginManager: Mounting plugin CodeLiteSourceCodeAccess
LogPluginManager: Mounting plugin GitSourceControl
LogPluginManager: Mounting plugin KDevelopSourceCodeAccess
LogPluginManager: Mounting plugin NullSourceCodeAccess
LogPluginManager: Mounting plugin PerforceSourceControl
LogPluginManager: Mounting plugin PlasticSourceControl
LogPluginManager: Mounting plugin RiderSourceCodeAccess
LogPluginManager: Mounting plugin SubversionSourceControl
LogPluginManager: Mounting plugin UObjectPlugin
LogPluginManager: Mounting plugin VisualStudioCodeSourceCodeAccess
LogPluginManager: Mounting plugin VisualStudioSourceCodeAccess
LogPluginManager: Mounting plugin XCodeSourceCodeAccess
LogPluginManager: Mounting plugin AssetManagerEditor
LogPluginManager: Mounting plugin CryptoKeys
LogPluginManager: Mounting plugin CurveEditorTools
LogPluginManager: Mounting plugin DataValidation
LogPluginManager: Mounting plugin EditorScriptingUtilities
LogPluginManager: Mounting plugin FacialAnimation
LogPluginManager: Mounting plugin GameplayTagsEditor
LogPluginManager: Mounting plugin GeometryMode
LogPluginManager: Mounting plugin MacGraphicsSwitching
LogPluginManager: Mounting plugin MaterialAnalyzer
LogPluginManager: Mounting plugin MobileLauncherProfileWizard
LogPluginManager: Mounting plugin PluginBrowser
LogPluginManager: Mounting plugin SpeedTreeImporter
LogPluginManager: Mounting plugin DatasmithContent
LogPluginManager: Mounting plugin VariantManagerContent
LogPluginManager: Mounting plugin AlembicImporter
LogPluginManager: Mounting plugin AutomationUtils
LogPluginManager: Mounting plugin BackChannel
LogPluginManager: Mounting plugin ChaosCloth
LogPluginManager: Mounting plugin ChaosClothEditor
LogPluginManager: Mounting plugin ChaosEditor
LogPluginManager: Mounting plugin ChaosNiagara
LogPluginManager: Mounting plugin ChaosSolverPlugin
LogPluginManager: Mounting plugin CharacterAI
LogPluginManager: Mounting plugin GeometryCache
LogPluginManager: Mounting plugin GeometryCollectionPlugin
LogPluginManager: Mounting plugin GeometryProcessing
LogPluginManager: Mounting plugin PlanarCut
LogPluginManager: Mounting plugin PlatformCrypto
LogPluginManager: Mounting plugin ProxyLODPlugin
LogPluginManager: Mounting plugin SkeletalReduction
LogPluginManager: Mounting plugin Niagara
LogPluginManager: Mounting plugin MagicLeap
LogPluginManager: Mounting plugin MagicLeapLightEstimation
LogPluginManager: Mounting plugin MagicLeapMedia
LogPluginManager: Mounting plugin MagicLeapPassableWorld
LogPluginManager: Mounting plugin MLSDK
LogPluginManager: Mounting plugin AndroidMedia
LogPluginManager: Mounting plugin AvfMedia
LogPluginManager: Mounting plugin ImgMedia
LogPluginManager: Mounting plugin MediaCompositing
LogPluginManager: Mounting plugin MediaPlayerEditor
LogPluginManager: Mounting plugin WebMMedia
LogPluginManager: Mounting plugin WmfMedia
LogPluginManager: Mounting plugin MeshPainting
LogPluginManager: Mounting plugin TcpMessaging
LogPluginManager: Mounting plugin UdpMessaging
LogPluginManager: Mounting plugin ActorSequence
LogPluginManager: Mounting plugin LevelSequenceEditor
LogPluginManager: Mounting plugin MatineeToLevelSequence
LogPluginManager: Mounting plugin MovieRenderPipeline
LogPluginManager: Mounting plugin TemplateSequence
LogPluginManager: Mounting plugin NetcodeUnitTest
LogPluginManager: Mounting plugin NUTUnrealEngine4
LogPluginManager: Mounting plugin OnlineSubsystemGooglePlay
LogPluginManager: Mounting plugin OnlineSubsystemIOS
LogPluginManager: Mounting plugin OnlineSubsystem
LogPluginManager: Mounting plugin OnlineSubsystemNull
LogPluginManager: Mounting plugin OnlineSubsystemUtils
LogPluginManager: Mounting plugin LauncherChunkInstaller
LogPluginManager: Mounting plugin AndroidDeviceProfileSelector
LogPluginManager: Mounting plugin AndroidMoviePlayer
LogPluginManager: Mounting plugin AndroidPermission
LogPluginManager: Mounting plugin AppleImageUtils
LogPluginManager: Mounting plugin AppleMoviePlayer
LogPluginManager: Mounting plugin ArchVisCharacter
LogPluginManager: Mounting plugin AssetTags
LogPluginManager: Mounting plugin AudioCapture
LogPluginManager: Mounting plugin CableComponent
LogPluginManager: Mounting plugin CustomMeshComponent
LogPluginManager: Mounting plugin EditableMesh
LogPluginManager: Mounting plugin ExampleDeviceProfileSelector
LogPluginManager: Mounting plugin GoogleCloudMessaging
LogPluginManager: Mounting plugin GooglePAD
LogPluginManager: Mounting plugin IOSDeviceProfileSelector
LogPluginManager: Mounting plugin LinuxDeviceProfileSelector
LogPluginManager: Mounting plugin LocationServicesBPLibrary
LogPluginManager: Mounting plugin MobilePatchingUtils
LogPluginManager: Mounting plugin OculusVR
LogPluginManager: Mounting plugin PhysXVehicles
LogPluginManager: Mounting plugin PostSplashScreen
LogPluginManager: Mounting plugin ProceduralMeshComponent
LogPluginManager: Mounting plugin RuntimePhysXCooking
LogPluginManager: Mounting plugin SignificanceManager
LogPluginManager: Mounting plugin SoundFields
LogPluginManager: Mounting plugin SteamVR
LogPluginManager: Mounting plugin Synthesis
LogPluginManager: Mounting plugin WebMMoviePlayer
LogPluginManager: Mounting plugin WindowsMoviePlayer
LogPluginManager: Mounting plugin ScreenshotTools
LogInit: Using libcurl 7.55.1-DEV
LogInit:  - built for x86_64-pc-win32
LogInit:  - supports SSL with OpenSSL/1.1.1
LogInit:  - supports HTTP deflate (compression) using libz 1.2.8
LogInit:  - other features:
LogInit:      CURL_VERSION_SSL
LogInit:      CURL_VERSION_LIBZ
LogInit:      CURL_VERSION_IPV6
LogInit:      CURL_VERSION_ASYNCHDNS
LogInit:      CURL_VERSION_LARGEFILE
LogInit:      CURL_VERSION_IDN
LogInit:  CurlRequestOptions (configurable via config and command line):
LogInit:  - bVerifyPeer = true  - Libcurl will verify peer certificate
LogInit:  - bUseHttpProxy = false  - Libcurl will NOT use HTTP proxy
LogInit:  - bDontReuseConnections = false  - Libcurl will reuse connections
LogInit:  - MaxHostConnections = 16  - Libcurl will limit the number of connections to a host
LogInit:  - LocalHostAddr = Default
LogInit:  - BufferSize = 65536
LogOnline: OSS: Creating online subsystem instance for: NULL
LogInit: WinSock: version 1.1 (2.2), MaxSocks=32767, MaxUdp=65467
LogOnline: OSS: TryLoadSubsystemAndSetDefault: Loaded subsystem for module [NULL]
LogInit: Build: ++UE4+Release-4.25-CL-14469661
LogInit: Engine Version: 4.25.4-14469661+++UE4+Release-4.25
LogInit: Compatible Engine Version: 4.25.0-13144385+++UE4+Release-4.25
LogInit: Net CL: 13144385
LogInit: OS: Windows 10 (Release 2004) (), CPU: Intel(R) Core(TM) i7-9750H CPU @ 2.60GHz, GPU: Intel(R) UHD Graphics 630
LogInit: Compiled (64-bit): Oct 11 2020 08:10:49
LogInit: Compiled with Visual C++: 19.24.28315.00
LogInit: Build Configuration: Development
LogInit: Branch Name: ++UE4+Release-4.25
LogInit: Command Line: 
LogInit: Base Directory: C:/Program Files/Epic Games/UE_4.25/Engine/Binaries/Win64/
LogInit: Allocator: TBB
LogInit: Installed Engine Build: 1
LogDevObjectVersion: Number of dev versions registered: 26
LogDevObjectVersion:   Dev-Blueprints (B0D832E4-1F89-4F0D-ACCF-7EB736FD4AA2): 10
LogDevObjectVersion:   Dev-Build (E1C64328-A22C-4D53-A36C-8E866417BD8C): 0
LogDevObjectVersion:   Dev-Core (375EC13C-06E4-48FB-B500-84F0262A717E): 4
LogDevObjectVersion:   Dev-Editor (E4B068ED-F494-42E9-A231-DA0B2E46BB41): 38
LogDevObjectVersion:   Dev-Framework (CFFC743F-43B0-4480-9391-14DF171D2073): 37
LogDevObjectVersion:   Dev-Mobile (B02B49B5-BB20-44E9-A304-32B752E40360): 2
LogDevObjectVersion:   Dev-Networking (A4E4105C-59A1-49B5-A7C5-40C4547EDFEE): 0
LogDevObjectVersion:   Dev-Online (39C831C9-5AE6-47DC-9A44-9C173E1C8E7C): 0
LogDevObjectVersion:   Dev-Physics (78F01B33-EBEA-4F98-B9B4-84EACCB95AA2): 4
LogDevObjectVersion:   Dev-Platform (6631380F-2D4D-43E0-8009-CF276956A95A): 0
LogDevObjectVersion:   Dev-Rendering (12F88B9F-8875-4AFC-A67C-D90C383ABD29): 43
LogDevObjectVersion:   Dev-Sequencer (7B5AE74C-D270-4C10-A958-57980B212A5A): 12
LogDevObjectVersion:   Dev-VR (D7296918-1DD6-4BDD-9DE2-64A83CC13884): 3
LogDevObjectVersion:   Dev-LoadTimes (C2A15278-BFE7-4AFE-6C17-90FF531DF755): 1
LogDevObjectVersion:   Private-Geometry (6EACA3D4-40EC-4CC1-B786-8BED09428FC5): 3
LogDevObjectVersion:   Dev-AnimPhys (29E575DD-E0A3-4627-9D10-D276232CDCEA): 17
LogDevObjectVersion:   Dev-Anim (AF43A65D-7FD3-4947-9873-3E8ED9C1BB05): 7
LogDevObjectVersion:   Dev-ReflectionCapture (6B266CEC-1EC7-4B8F-A30B-E4D90942FC07): 1
LogDevObjectVersion:   Dev-Automation (0DF73D61-A23F-47EA-B727-89E90C41499A): 1
LogDevObjectVersion:   FortniteMain (601D1886-AC64-4F84-AA16-D3DE0DEAC7D6): 31
LogDevObjectVersion:   Dev-Enterprise (9DFFBCD6-494F-0158-E221-12823C92A888): 10
LogDevObjectVersion:   Dev-Niagara (F2AED0AC-9AFE-416F-8664-AA7FFA26D6FC): 1
LogDevObjectVersion:   Dev-Destruction (174F1F0B-B4C6-45A5-B13F-2EE8D0FB917D): 10
LogDevObjectVersion:   Dev-Physics-Ext (35F94A83-E258-406C-A318-09F59610247C): 37
LogDevObjectVersion:   Dev-PhysicsMaterial-Chaos (B68FC16E-8B1B-42E2-B453-215C058844FE): 1
LogDevObjectVersion:   Dev-CineCamera (B2E18506-4273-CFC2-A54E-F4BB758BBA07): 1
LogInit: Presizing for max 25165824 objects, including 0 objects not considered by GC, pre-allocating 0 bytes for permanent pool.
LogConfig: Applying CVar settings from Section [/Script/Engine.StreamingSettings] File [C:/Users/engdep/Desktop/HttpSample/Saved/Config/Windows/Engine.ini]
LogConfig: Setting CVar [[s.MinBulkDataSizeForAsyncLoading:131072]]
LogConfig: Setting CVar [[s.AsyncLoadingThreadEnabled:0]]
LogConfig: Setting CVar [[s.EventDrivenLoaderEnabled:1]]
LogConfig: Setting CVar [[s.WarnIfTimeLimitExceeded:0]]
LogConfig: Setting CVar [[s.TimeLimitExceededMultiplier:1.5]]
LogConfig: Setting CVar [[s.TimeLimitExceededMinTime:0.005]]
LogConfig: Setting CVar [[s.UseBackgroundLevelStreaming:1]]
LogConfig: Setting CVar [[s.PriorityAsyncLoadingExtraTime:15.0]]
LogConfig: Setting CVar [[s.LevelStreamingActorsUpdateTimeLimit:5.0]]
LogConfig: Setting CVar [[s.PriorityLevelStreamingActorsUpdateExtraTime:5.0]]
LogConfig: Setting CVar [[s.LevelStreamingComponentsRegistrationGranularity:10]]
LogConfig: Setting CVar [[s.UnregisterComponentsTimeLimit:1.0]]
LogConfig: Setting CVar [[s.LevelStreamingComponentsUnregistrationGranularity:5]]
LogConfig: Setting CVar [[s.FlushStreamingOnExit:1]]
LogInit: Object subsystem initialized
LogConfig: Setting CVar [[con.DebugEarlyDefault:1]]
LogConfig: Setting CVar [[r.setres:1280x720]]
[2021.06.23-00.42.21:092][  0]LogConfig: Setting CVar [[r.VSync:0]]
[2021.06.23-00.42.21:092][  0]LogConfig: Setting CVar [[r.RHICmdBypass:0]]
[2021.06.23-00.42.21:093][  0]LogConfig: Applying CVar settings from Section [/Script/Engine.RendererSettings] File [C:/Users/engdep/Desktop/HttpSample/Saved/Config/Windows/Engine.ini]
[2021.06.23-00.42.21:093][  0]LogConfig: Setting CVar [[r.GPUCrashDebugging:0]]
[2021.06.23-00.42.21:093][  0]LogConfig: Applying CVar settings from Section [/Script/Engine.RendererOverrideSettings] File [C:/Users/engdep/Desktop/HttpSample/Saved/Config/Windows/Engine.ini]
[2021.06.23-00.42.21:093][  0]LogConfig: Applying CVar settings from Section [/Script/Engine.StreamingSettings] File [C:/Users/engdep/Desktop/HttpSample/Saved/Config/Windows/Engine.ini]
[2021.06.23-00.42.21:093][  0]LogConfig: Setting CVar [[s.MinBulkDataSizeForAsyncLoading:131072]]
[2021.06.23-00.42.21:093][  0]LogConfig: Setting CVar [[s.AsyncLoadingThreadEnabled:0]]
[2021.06.23-00.42.21:093][  0]LogConfig: Setting CVar [[s.EventDrivenLoaderEnabled:1]]
[2021.06.23-00.42.21:093][  0]LogConfig: Setting CVar [[s.WarnIfTimeLimitExceeded:0]]
[2021.06.23-00.42.21:093][  0]LogConfig: Setting CVar [[s.TimeLimitExceededMultiplier:1.5]]
[2021.06.23-00.42.21:093][  0]LogConfig: Setting CVar [[s.TimeLimitExceededMinTime:0.005]]
[2021.06.23-00.42.21:093][  0]LogConfig: Setting CVar [[s.UseBackgroundLevelStreaming:1]]
[2021.06.23-00.42.21:093][  0]LogConfig: Setting CVar [[s.PriorityAsyncLoadingExtraTime:15.0]]
[2021.06.23-00.42.21:093][  0]LogConfig: Setting CVar [[s.LevelStreamingActorsUpdateTimeLimit:5.0]]
[2021.06.23-00.42.21:093][  0]LogConfig: Setting CVar [[s.PriorityLevelStreamingActorsUpdateExtraTime:5.0]]
[2021.06.23-00.42.21:093][  0]LogConfig: Setting CVar [[s.LevelStreamingComponentsRegistrationGranularity:10]]
[2021.06.23-00.42.21:093][  0]LogConfig: Setting CVar [[s.UnregisterComponentsTimeLimit:1.0]]
[2021.06.23-00.42.21:093][  0]LogConfig: Setting CVar [[s.LevelStreamingComponentsUnregistrationGranularity:5]]
[2021.06.23-00.42.21:093][  0]LogConfig: Setting CVar [[s.FlushStreamingOnExit:1]]
[2021.06.23-00.42.21:093][  0]LogConfig: Applying CVar settings from Section [/Script/Engine.GarbageCollectionSettings] File [C:/Users/engdep/Desktop/HttpSample/Saved/Config/Windows/Engine.ini]
[2021.06.23-00.42.21:093][  0]LogConfig: Setting CVar [[gc.MaxObjectsNotConsideredByGC:1]]
[2021.06.23-00.42.21:093][  0]LogConfig: Setting CVar [[gc.SizeOfPermanentObjectPool:0]]
[2021.06.23-00.42.21:093][  0]LogConfig: Setting CVar [[gc.FlushStreamingOnGC:0]]
[2021.06.23-00.42.21:093][  0]LogConfig: Setting CVar [[gc.NumRetriesBeforeForcingGC:10]]
[2021.06.23-00.42.21:093][  0]LogConfig: Setting CVar [[gc.AllowParallelGC:1]]
[2021.06.23-00.42.21:093][  0]LogConfig: Setting CVar [[gc.TimeBetweenPurgingPendingKillObjects:61.1]]
[2021.06.23-00.42.21:093][  0]LogConfig: Setting CVar [[gc.MaxObjectsInEditor:25165824]]
[2021.06.23-00.42.21:093][  0]LogConfig: Setting CVar [[gc.IncrementalBeginDestroyEnabled:1]]
[2021.06.23-00.42.21:093][  0]LogConfig: Setting CVar [[gc.CreateGCClusters:1]]
[2021.06.23-00.42.21:093][  0]LogConfig: Setting CVar [[gc.MinGCClusterSize:5]]
[2021.06.23-00.42.21:093][  0]LogConfig: Setting CVar [[gc.ActorClusteringEnabled:0]]
[2021.06.23-00.42.21:093][  0]LogConfig: Setting CVar [[gc.BlueprintClusteringEnabled:0]]
[2021.06.23-00.42.21:093][  0]LogConfig: Setting CVar [[gc.UseDisregardForGCOnDedicatedServers:0]]
[2021.06.23-00.42.21:093][  0]LogConfig: Applying CVar settings from Section [/Script/Engine.NetworkSettings] File [C:/Users/engdep/Desktop/HttpSample/Saved/Config/Windows/Engine.ini]
[2021.06.23-00.42.21:093][  0]LogConfig: Applying CVar settings from Section [/Script/UnrealEd.CookerSettings] File [C:/Users/engdep/Desktop/HttpSample/Saved/Config/Windows/Engine.ini]
[2021.06.23-00.42.21:104][  0]LogConfig: Applying CVar settings from Section [ViewDistanceQuality@3] File [C:/Users/engdep/Desktop/HttpSample/Saved/Config/Windows/Scalability.ini]
[2021.06.23-00.42.21:104][  0]LogConfig: Setting CVar [[r.SkeletalMeshLODBias:0]]
[2021.06.23-00.42.21:104][  0]LogConfig: Setting CVar [[r.ViewDistanceScale:1.0]]
[2021.06.23-00.42.21:104][  0]LogConfig: Applying CVar settings from Section [AntiAliasingQuality@3] File [C:/Users/engdep/Desktop/HttpSample/Saved/Config/Windows/Scalability.ini]
[2021.06.23-00.42.21:104][  0]LogConfig: Setting CVar [[r.PostProcessAAQuality:4]]
[2021.06.23-00.42.21:104][  0]LogConfig: Applying CVar settings from Section [ShadowQuality@3] File [C:/Users/engdep/Desktop/HttpSample/Saved/Config/Windows/Scalability.ini]
[2021.06.23-00.42.21:104][  0]LogConfig: Setting CVar [[r.LightFunctionQuality:1]]
[2021.06.23-00.42.21:104][  0]LogConfig: Setting CVar [[r.ShadowQuality:5]]
[2021.06.23-00.42.21:104][  0]LogConfig: Setting CVar [[r.Shadow.CSM.MaxCascades:10]]
[2021.06.23-00.42.21:104][  0]LogConfig: Setting CVar [[r.Shadow.MaxResolution:2048]]
[2021.06.23-00.42.21:104][  0]LogConfig: Setting CVar [[r.Shadow.MaxCSMResolution:2048]]
[2021.06.23-00.42.21:104][  0]LogConfig: Setting CVar [[r.Shadow.RadiusThreshold:0.01]]
[2021.06.23-00.42.21:105][  0]LogConfig: Setting CVar [[r.Shadow.DistanceScale:1.0]]
[2021.06.23-00.42.21:105][  0]LogConfig: Setting CVar [[r.Shadow.CSM.TransitionScale:1.0]]
[2021.06.23-00.42.21:105][  0]LogConfig: Setting CVar [[r.Shadow.PreShadowResolutionFactor:1.0]]
[2021.06.23-00.42.21:105][  0]LogConfig: Setting CVar [[r.DistanceFieldShadowing:1]]
[2021.06.23-00.42.21:105][  0]LogConfig: Setting CVar [[r.DistanceFieldAO:1]]
[2021.06.23-00.42.21:105][  0]LogConfig: Setting CVar [[r.AOQuality:2]]
[2021.06.23-00.42.21:105][  0]LogConfig: Setting CVar [[r.VolumetricFog:1]]
[2021.06.23-00.42.21:105][  0]LogConfig: Setting CVar [[r.VolumetricFog.GridPixelSize:8]]
[2021.06.23-00.42.21:105][  0]LogConfig: Setting CVar [[r.VolumetricFog.GridSizeZ:128]]
[2021.06.23-00.42.21:105][  0]LogConfig: Setting CVar [[r.VolumetricFog.HistoryMissSupersampleCount:4]]
[2021.06.23-00.42.21:105][  0]LogConfig: Setting CVar [[r.LightMaxDrawDistanceScale:1]]
[2021.06.23-00.42.21:105][  0]LogConfig: Setting CVar [[r.CapsuleShadows:1]]
[2021.06.23-00.42.21:105][  0]LogConfig: Applying CVar settings from Section [PostProcessQuality@3] File [C:/Users/engdep/Desktop/HttpSample/Saved/Config/Windows/Scalability.ini]
[2021.06.23-00.42.21:105][  0]LogConfig: Setting CVar [[r.MotionBlurQuality:4]]
[2021.06.23-00.42.21:105][  0]LogConfig: Setting CVar [[r.AmbientOcclusionMipLevelFactor:0.4]]
[2021.06.23-00.42.21:105][  0]LogConfig: Setting CVar [[r.AmbientOcclusionMaxQuality:100]]
[2021.06.23-00.42.21:105][  0]LogConfig: Setting CVar [[r.AmbientOcclusionLevels:-1]]
[2021.06.23-00.42.21:105][  0]LogConfig: Setting CVar [[r.AmbientOcclusionRadiusScale:1.0]]
[2021.06.23-00.42.21:105][  0]LogConfig: Setting CVar [[r.DepthOfFieldQuality:2]]
[2021.06.23-00.42.21:105][  0]LogConfig: Setting CVar [[r.RenderTargetPoolMin:400]]
[2021.06.23-00.42.21:105][  0]LogConfig: Setting CVar [[r.LensFlareQuality:2]]
[2021.06.23-00.42.21:105][  0]LogConfig: Setting CVar [[r.SceneColorFringeQuality:1]]
[2021.06.23-00.42.21:105][  0]LogConfig: Setting CVar [[r.EyeAdaptationQuality:2]]
[2021.06.23-00.42.21:105][  0]LogConfig: Setting CVar [[r.BloomQuality:5]]
[2021.06.23-00.42.21:105][  0]LogConfig: Setting CVar [[r.FastBlurThreshold:100]]
[2021.06.23-00.42.21:105][  0]LogConfig: Setting CVar [[r.Upscale.Quality:3]]
[2021.06.23-00.42.21:105][  0]LogConfig: Setting CVar [[r.Tonemapper.GrainQuantization:1]]
[2021.06.23-00.42.21:105][  0]LogConfig: Setting CVar [[r.LightShaftQuality:1]]
[2021.06.23-00.42.21:105][  0]LogConfig: Setting CVar [[r.Filter.SizeScale:1]]
[2021.06.23-00.42.21:105][  0]LogConfig: Setting CVar [[r.Tonemapper.Quality:5]]
[2021.06.23-00.42.21:105][  0]LogConfig: Setting CVar [[r.DOF.Gather.AccumulatorQuality:1        ; higher gathering accumulator quality]]
[2021.06.23-00.42.21:105][  0]LogConfig: Setting CVar [[r.DOF.Gather.PostfilterMethod:1          ; Median3x3 postfilering method]]
[2021.06.23-00.42.21:105][  0]LogConfig: Setting CVar [[r.DOF.Gather.EnableBokehSettings:0       ; no bokeh simulation when gathering]]
[2021.06.23-00.42.21:105][  0]LogConfig: Setting CVar [[r.DOF.Gather.RingCount:4                 ; medium number of samples when gathering]]
[2021.06.23-00.42.21:105][  0]LogConfig: Setting CVar [[r.DOF.Scatter.ForegroundCompositing:1    ; additive foreground scattering]]
[2021.06.23-00.42.21:105][  0]LogConfig: Setting CVar [[r.DOF.Scatter.BackgroundCompositing:2    ; additive background scattering]]
[2021.06.23-00.42.21:105][  0]LogConfig: Setting CVar [[r.DOF.Scatter.EnableBokehSettings:1      ; bokeh simulation when scattering]]
[2021.06.23-00.42.21:105][  0]LogConfig: Setting CVar [[r.DOF.Scatter.MaxSpriteRatio:0.1         ; only a maximum of 10% of scattered bokeh]]
[2021.06.23-00.42.21:105][  0]LogConfig: Setting CVar [[r.DOF.Recombine.Quality:1                ; cheap slight out of focus]]
[2021.06.23-00.42.21:105][  0]LogConfig: Setting CVar [[r.DOF.Recombine.EnableBokehSettings:0    ; no bokeh simulation on slight out of focus]]
[2021.06.23-00.42.21:105][  0]LogConfig: Setting CVar [[r.DOF.TemporalAAQuality:1                ; more stable temporal accumulation]]
[2021.06.23-00.42.21:105][  0]LogConfig: Setting CVar [[r.DOF.Kernel.MaxForegroundRadius:0.025]]
[2021.06.23-00.42.21:105][  0]LogConfig: Setting CVar [[r.DOF.Kernel.MaxBackgroundRadius:0.025]]
[2021.06.23-00.42.21:105][  0]LogConfig: Applying CVar settings from Section [TextureQuality@3] File [C:/Users/engdep/Desktop/HttpSample/Saved/Config/Windows/Scalability.ini]
[2021.06.23-00.42.21:105][  0]LogConfig: Setting CVar [[r.Streaming.MipBias:0]]
[2021.06.23-00.42.21:105][  0]LogConfig: Setting CVar [[r.Streaming.AmortizeCPUToGPUCopy:0]]
[2021.06.23-00.42.21:105][  0]LogConfig: Setting CVar [[r.Streaming.MaxNumTexturesToStreamPerFrame:0]]
[2021.06.23-00.42.21:105][  0]LogConfig: Setting CVar [[r.Streaming.Boost:1]]
[2021.06.23-00.42.21:105][  0]LogConfig: Setting CVar [[r.MaxAnisotropy:8]]
[2021.06.23-00.42.21:105][  0]LogConfig: Setting CVar [[r.VT.MaxAnisotropy:8]]
[2021.06.23-00.42.21:105][  0]LogConfig: Setting CVar [[r.Streaming.LimitPoolSizeToVRAM:0]]
[2021.06.23-00.42.21:105][  0]LogConfig: Setting CVar [[r.Streaming.PoolSize:1000]]
[2021.06.23-00.42.21:105][  0]LogConfig: Setting CVar [[r.Streaming.MaxEffectiveScreenSize:0]]
[2021.06.23-00.42.21:105][  0]LogConfig: Applying CVar settings from Section [EffectsQuality@3] File [C:/Users/engdep/Desktop/HttpSample/Saved/Config/Windows/Scalability.ini]
[2021.06.23-00.42.21:105][  0]LogConfig: Setting CVar [[r.TranslucencyLightingVolumeDim:64]]
[2021.06.23-00.42.21:105][  0]LogConfig: Setting CVar [[r.RefractionQuality:2]]
[2021.06.23-00.42.21:105][  0]LogConfig: Setting CVar [[r.SSR.Quality:3]]
[2021.06.23-00.42.21:105][  0]LogConfig: Setting CVar [[r.SSR.HalfResSceneColor:0]]
[2021.06.23-00.42.21:105][  0]LogConfig: Setting CVar [[r.SceneColorFormat:4]]
[2021.06.23-00.42.21:105][  0]LogConfig: Setting CVar [[r.DetailMode:2]]
[2021.06.23-00.42.21:105][  0]LogConfig: Setting CVar [[r.TranslucencyVolumeBlur:1]]
[2021.06.23-00.42.21:105][  0]LogConfig: Setting CVar [[r.MaterialQualityLevel:1 ; High quality]]
[2021.06.23-00.42.21:105][  0]LogConfig: Setting CVar [[r.SSS.Scale:1]]
[2021.06.23-00.42.21:105][  0]LogConfig: Setting CVar [[r.SSS.SampleSet:2]]
[2021.06.23-00.42.21:105][  0]LogConfig: Setting CVar [[r.SSS.Quality:1]]
[2021.06.23-00.42.21:105][  0]LogConfig: Setting CVar [[r.SSS.HalfRes:0]]
[2021.06.23-00.42.21:105][  0]LogConfig: Setting CVar [[r.SSGI.Quality:3]]
[2021.06.23-00.42.21:105][  0]LogConfig: Setting CVar [[r.EmitterSpawnRateScale:1.0]]
[2021.06.23-00.42.21:105][  0]LogConfig: Setting CVar [[r.ParticleLightQuality:2]]
[2021.06.23-00.42.21:106][  0]LogConfig: Setting CVar [[r.SkyAtmosphere.AerialPerspectiveLUT.FastApplyOnOpaque:1 ; Always have FastSkyLUT 1 in this case to avoid wrong sky]]
[2021.06.23-00.42.21:106][  0]LogConfig: Setting CVar [[r.SkyAtmosphere.AerialPerspectiveLUT.SampleCountPerSlice:1]]
[2021.06.23-00.42.21:106][  0]LogConfig: Setting CVar [[r.SkyAtmosphere.AerialPerspectiveLUT.DepthResolution:16.0]]
[2021.06.23-00.42.21:106][  0]LogConfig: Setting CVar [[r.SkyAtmosphere.FastSkyLUT:1]]
[2021.06.23-00.42.21:106][  0]LogConfig: Setting CVar [[r.SkyAtmosphere.FastSkyLUT.SampleCountMin:4.0]]
[2021.06.23-00.42.21:106][  0]LogConfig: Setting CVar [[r.SkyAtmosphere.FastSkyLUT.SampleCountMax:32.0]]
[2021.06.23-00.42.21:106][  0]LogConfig: Setting CVar [[r.SkyAtmosphere.SampleCountMin:4.0]]
[2021.06.23-00.42.21:106][  0]LogConfig: Setting CVar [[r.SkyAtmosphere.SampleCountMax:32.0]]
[2021.06.23-00.42.21:106][  0]LogConfig: Setting CVar [[r.SkyAtmosphere.TransmittanceLUT.UseSmallFormat:0]]
[2021.06.23-00.42.21:106][  0]LogConfig: Setting CVar [[r.SkyAtmosphere.TransmittanceLUT.SampleCount:10.0]]
[2021.06.23-00.42.21:106][  0]LogConfig: Setting CVar [[r.SkyAtmosphere.MultiScatteringLUT.SampleCount:15.0]]
[2021.06.23-00.42.21:106][  0]LogConfig: Applying CVar settings from Section [FoliageQuality@3] File [C:/Users/engdep/Desktop/HttpSample/Saved/Config/Windows/Scalability.ini]
[2021.06.23-00.42.21:106][  0]LogConfig: Setting CVar [[foliage.DensityScale:1.0]]
[2021.06.23-00.42.21:106][  0]LogConfig: Setting CVar [[grass.DensityScale:1.0]]
[2021.06.23-00.42.21:106][  0]LogConfig: Applying CVar settings from Section [ShadingQuality@3] File [C:/Users/engdep/Desktop/HttpSample/Saved/Config/Windows/Scalability.ini]
[2021.06.23-00.42.21:106][  0]LogConfig: Setting CVar [[r.HairStrands.SkyLighting.SampleCount:16]]
[2021.06.23-00.42.21:106][  0]LogConfig: Setting CVar [[r.HairStrands.SkyLighting.JitterIntegration:0]]
[2021.06.23-00.42.21:106][  0]LogConfig: Setting CVar [[r.HairStrands.SkyAO.SampleCount:16]]
[2021.06.23-00.42.21:106][  0]LogConfig: Setting CVar [[r.HairStrands.DeepShadow.SuperSampling:0]]
[2021.06.23-00.42.21:106][  0]LogConfig: Setting CVar [[r.HairStrands.VisibilityPPLL:0]]
[2021.06.23-00.42.21:106][  0]LogConfig: Setting CVar [[r.HairStrands.RasterizationScale:0.5]]
[2021.06.23-00.42.21:106][  0]LogConfig: Setting CVar [[r.HairStrands.VelocityRasterizationScale:1]]
[2021.06.23-00.42.21:107][  0]LogInit: Selected Device Profile: [Windows]
[2021.06.23-00.42.21:107][  0]LogInit: Applying CVar settings loaded from the selected device profile: [Windows]
[2021.06.23-00.42.21:109][  0]LogHAL: Display: Platform has ~ 16 GB [17073315840 / 17179869184 / 16], which maps to Larger [LargestMinGB=32, LargerMinGB=12, DefaultMinGB=8, SmallerMinGB=6, SmallestMinGB=0)
[2021.06.23-00.42.21:109][  0]LogInit: Going up to parent DeviceProfile []
[2021.06.23-00.42.21:109][  0]LogConfig: Applying CVar settings from Section [ViewDistanceQuality@3] File [C:/Users/engdep/Desktop/HttpSample/Saved/Config/Windows/Scalability.ini]
[2021.06.23-00.42.21:109][  0]LogConfig: Setting CVar [[r.SkeletalMeshLODBias:0]]
[2021.06.23-00.42.21:109][  0]LogConfig: Setting CVar [[r.ViewDistanceScale:1.0]]
[2021.06.23-00.42.21:109][  0]LogConfig: Applying CVar settings from Section [AntiAliasingQuality@3] File [C:/Users/engdep/Desktop/HttpSample/Saved/Config/Windows/Scalability.ini]
[2021.06.23-00.42.21:109][  0]LogConfig: Setting CVar [[r.PostProcessAAQuality:4]]
[2021.06.23-00.42.21:109][  0]LogConfig: Applying CVar settings from Section [ShadowQuality@3] File [C:/Users/engdep/Desktop/HttpSample/Saved/Config/Windows/Scalability.ini]
[2021.06.23-00.42.21:109][  0]LogConfig: Setting CVar [[r.LightFunctionQuality:1]]
[2021.06.23-00.42.21:109][  0]LogConfig: Setting CVar [[r.ShadowQuality:5]]
[2021.06.23-00.42.21:109][  0]LogConfig: Setting CVar [[r.Shadow.CSM.MaxCascades:10]]
[2021.06.23-00.42.21:109][  0]LogConfig: Setting CVar [[r.Shadow.MaxResolution:2048]]
[2021.06.23-00.42.21:109][  0]LogConfig: Setting CVar [[r.Shadow.MaxCSMResolution:2048]]
[2021.06.23-00.42.21:109][  0]LogConfig: Setting CVar [[r.Shadow.RadiusThreshold:0.01]]
[2021.06.23-00.42.21:109][  0]LogConfig: Setting CVar [[r.Shadow.DistanceScale:1.0]]
[2021.06.23-00.42.21:109][  0]LogConfig: Setting CVar [[r.Shadow.CSM.TransitionScale:1.0]]
[2021.06.23-00.42.21:109][  0]LogConfig: Setting CVar [[r.Shadow.PreShadowResolutionFactor:1.0]]
[2021.06.23-00.42.21:109][  0]LogConfig: Setting CVar [[r.DistanceFieldShadowing:1]]
[2021.06.23-00.42.21:109][  0]LogConfig: Setting CVar [[r.DistanceFieldAO:1]]
[2021.06.23-00.42.21:109][  0]LogConfig: Setting CVar [[r.AOQuality:2]]
[2021.06.23-00.42.21:109][  0]LogConfig: Setting CVar [[r.VolumetricFog:1]]
[2021.06.23-00.42.21:109][  0]LogConfig: Setting CVar [[r.VolumetricFog.GridPixelSize:8]]
[2021.06.23-00.42.21:109][  0]LogConfig: Setting CVar [[r.VolumetricFog.GridSizeZ:128]]
[2021.06.23-00.42.21:109][  0]LogConfig: Setting CVar [[r.VolumetricFog.HistoryMissSupersampleCount:4]]
[2021.06.23-00.42.21:109][  0]LogConfig: Setting CVar [[r.LightMaxDrawDistanceScale:1]]
[2021.06.23-00.42.21:109][  0]LogConfig: Setting CVar [[r.CapsuleShadows:1]]
[2021.06.23-00.42.21:109][  0]LogConfig: Applying CVar settings from Section [PostProcessQuality@3] File [C:/Users/engdep/Desktop/HttpSample/Saved/Config/Windows/Scalability.ini]
[2021.06.23-00.42.21:109][  0]LogConfig: Setting CVar [[r.MotionBlurQuality:4]]
[2021.06.23-00.42.21:109][  0]LogConfig: Setting CVar [[r.AmbientOcclusionMipLevelFactor:0.4]]
[2021.06.23-00.42.21:109][  0]LogConfig: Setting CVar [[r.AmbientOcclusionMaxQuality:100]]
[2021.06.23-00.42.21:109][  0]LogConfig: Setting CVar [[r.AmbientOcclusionLevels:-1]]
[2021.06.23-00.42.21:109][  0]LogConfig: Setting CVar [[r.AmbientOcclusionRadiusScale:1.0]]
[2021.06.23-00.42.21:109][  0]LogConfig: Setting CVar [[r.DepthOfFieldQuality:2]]
[2021.06.23-00.42.21:109][  0]LogConfig: Setting CVar [[r.RenderTargetPoolMin:400]]
[2021.06.23-00.42.21:109][  0]LogConfig: Setting CVar [[r.LensFlareQuality:2]]
[2021.06.23-00.42.21:109][  0]LogConfig: Setting CVar [[r.SceneColorFringeQuality:1]]
[2021.06.23-00.42.21:109][  0]LogConfig: Setting CVar [[r.EyeAdaptationQuality:2]]
[2021.06.23-00.42.21:109][  0]LogConfig: Setting CVar [[r.BloomQuality:5]]
[2021.06.23-00.42.21:109][  0]LogConfig: Setting CVar [[r.FastBlurThreshold:100]]
[2021.06.23-00.42.21:109][  0]LogConfig: Setting CVar [[r.Upscale.Quality:3]]
[2021.06.23-00.42.21:109][  0]LogConfig: Setting CVar [[r.Tonemapper.GrainQuantization:1]]
[2021.06.23-00.42.21:109][  0]LogConfig: Setting CVar [[r.LightShaftQuality:1]]
[2021.06.23-00.42.21:109][  0]LogConfig: Setting CVar [[r.Filter.SizeScale:1]]
[2021.06.23-00.42.21:109][  0]LogConfig: Setting CVar [[r.Tonemapper.Quality:5]]
[2021.06.23-00.42.21:109][  0]LogConfig: Setting CVar [[r.DOF.Gather.AccumulatorQuality:1        ; higher gathering accumulator quality]]
[2021.06.23-00.42.21:109][  0]LogConfig: Setting CVar [[r.DOF.Gather.PostfilterMethod:1          ; Median3x3 postfilering method]]
[2021.06.23-00.42.21:109][  0]LogConfig: Setting CVar [[r.DOF.Gather.EnableBokehSettings:0       ; no bokeh simulation when gathering]]
[2021.06.23-00.42.21:109][  0]LogConfig: Setting CVar [[r.DOF.Gather.RingCount:4                 ; medium number of samples when gathering]]
[2021.06.23-00.42.21:109][  0]LogConfig: Setting CVar [[r.DOF.Scatter.ForegroundCompositing:1    ; additive foreground scattering]]
[2021.06.23-00.42.21:109][  0]LogConfig: Setting CVar [[r.DOF.Scatter.BackgroundCompositing:2    ; additive background scattering]]
[2021.06.23-00.42.21:109][  0]LogConfig: Setting CVar [[r.DOF.Scatter.EnableBokehSettings:1      ; bokeh simulation when scattering]]
[2021.06.23-00.42.21:109][  0]LogConfig: Setting CVar [[r.DOF.Scatter.MaxSpriteRatio:0.1         ; only a maximum of 10% of scattered bokeh]]
[2021.06.23-00.42.21:109][  0]LogConfig: Setting CVar [[r.DOF.Recombine.Quality:1                ; cheap slight out of focus]]
[2021.06.23-00.42.21:109][  0]LogConfig: Setting CVar [[r.DOF.Recombine.EnableBokehSettings:0    ; no bokeh simulation on slight out of focus]]
[2021.06.23-00.42.21:109][  0]LogConfig: Setting CVar [[r.DOF.TemporalAAQuality:1                ; more stable temporal accumulation]]
[2021.06.23-00.42.21:109][  0]LogConfig: Setting CVar [[r.DOF.Kernel.MaxForegroundRadius:0.025]]
[2021.06.23-00.42.21:109][  0]LogConfig: Setting CVar [[r.DOF.Kernel.MaxBackgroundRadius:0.025]]
[2021.06.23-00.42.21:109][  0]LogConfig: Applying CVar settings from Section [TextureQuality@3] File [C:/Users/engdep/Desktop/HttpSample/Saved/Config/Windows/Scalability.ini]
[2021.06.23-00.42.21:109][  0]LogConfig: Setting CVar [[r.Streaming.MipBias:0]]
[2021.06.23-00.42.21:109][  0]LogConfig: Setting CVar [[r.Streaming.AmortizeCPUToGPUCopy:0]]
[2021.06.23-00.42.21:109][  0]LogConfig: Setting CVar [[r.Streaming.MaxNumTexturesToStreamPerFrame:0]]
[2021.06.23-00.42.21:109][  0]LogConfig: Setting CVar [[r.Streaming.Boost:1]]
[2021.06.23-00.42.21:109][  0]LogConfig: Setting CVar [[r.MaxAnisotropy:8]]
[2021.06.23-00.42.21:109][  0]LogConfig: Setting CVar [[r.VT.MaxAnisotropy:8]]
[2021.06.23-00.42.21:109][  0]LogConfig: Setting CVar [[r.Streaming.LimitPoolSizeToVRAM:0]]
[2021.06.23-00.42.21:109][  0]LogConfig: Setting CVar [[r.Streaming.PoolSize:1000]]
[2021.06.23-00.42.21:109][  0]LogConfig: Setting CVar [[r.Streaming.MaxEffectiveScreenSize:0]]
[2021.06.23-00.42.21:109][  0]LogConfig: Applying CVar settings from Section [EffectsQuality@3] File [C:/Users/engdep/Desktop/HttpSample/Saved/Config/Windows/Scalability.ini]
[2021.06.23-00.42.21:109][  0]LogConfig: Setting CVar [[r.TranslucencyLightingVolumeDim:64]]
[2021.06.23-00.42.21:109][  0]LogConfig: Setting CVar [[r.RefractionQuality:2]]
[2021.06.23-00.42.21:109][  0]LogConfig: Setting CVar [[r.SSR.Quality:3]]
[2021.06.23-00.42.21:109][  0]LogConfig: Setting CVar [[r.SSR.HalfResSceneColor:0]]
[2021.06.23-00.42.21:109][  0]LogConfig: Setting CVar [[r.SceneColorFormat:4]]
[2021.06.23-00.42.21:109][  0]LogConfig: Setting CVar [[r.DetailMode:2]]
[2021.06.23-00.42.21:109][  0]LogConfig: Setting CVar [[r.TranslucencyVolumeBlur:1]]
[2021.06.23-00.42.21:109][  0]LogConfig: Setting CVar [[r.MaterialQualityLevel:1 ; High quality]]
[2021.06.23-00.42.21:109][  0]LogConfig: Setting CVar [[r.SSS.Scale:1]]
[2021.06.23-00.42.21:109][  0]LogConfig: Setting CVar [[r.SSS.SampleSet:2]]
[2021.06.23-00.42.21:109][  0]LogConfig: Setting CVar [[r.SSS.Quality:1]]
[2021.06.23-00.42.21:109][  0]LogConfig: Setting CVar [[r.SSS.HalfRes:0]]
[2021.06.23-00.42.21:110][  0]LogConfig: Setting CVar [[r.SSGI.Quality:3]]
[2021.06.23-00.42.21:110][  0]LogConfig: Setting CVar [[r.EmitterSpawnRateScale:1.0]]
[2021.06.23-00.42.21:110][  0]LogConfig: Setting CVar [[r.ParticleLightQuality:2]]
[2021.06.23-00.42.21:110][  0]LogConfig: Setting CVar [[r.SkyAtmosphere.AerialPerspectiveLUT.FastApplyOnOpaque:1 ; Always have FastSkyLUT 1 in this case to avoid wrong sky]]
[2021.06.23-00.42.21:110][  0]LogConfig: Setting CVar [[r.SkyAtmosphere.AerialPerspectiveLUT.SampleCountPerSlice:1]]
[2021.06.23-00.42.21:110][  0]LogConfig: Setting CVar [[r.SkyAtmosphere.AerialPerspectiveLUT.DepthResolution:16.0]]
[2021.06.23-00.42.21:110][  0]LogConfig: Setting CVar [[r.SkyAtmosphere.FastSkyLUT:1]]
[2021.06.23-00.42.21:110][  0]LogConfig: Setting CVar [[r.SkyAtmosphere.FastSkyLUT.SampleCountMin:4.0]]
[2021.06.23-00.42.21:110][  0]LogConfig: Setting CVar [[r.SkyAtmosphere.FastSkyLUT.SampleCountMax:32.0]]
[2021.06.23-00.42.21:110][  0]LogConfig: Setting CVar [[r.SkyAtmosphere.SampleCountMin:4.0]]
[2021.06.23-00.42.21:110][  0]LogConfig: Setting CVar [[r.SkyAtmosphere.SampleCountMax:32.0]]
[2021.06.23-00.42.21:110][  0]LogConfig: Setting CVar [[r.SkyAtmosphere.TransmittanceLUT.UseSmallFormat:0]]
[2021.06.23-00.42.21:110][  0]LogConfig: Setting CVar [[r.SkyAtmosphere.TransmittanceLUT.SampleCount:10.0]]
[2021.06.23-00.42.21:110][  0]LogConfig: Setting CVar [[r.SkyAtmosphere.MultiScatteringLUT.SampleCount:15.0]]
[2021.06.23-00.42.21:110][  0]LogConfig: Applying CVar settings from Section [FoliageQuality@3] File [C:/Users/engdep/Desktop/HttpSample/Saved/Config/Windows/Scalability.ini]
[2021.06.23-00.42.21:110][  0]LogConfig: Setting CVar [[foliage.DensityScale:1.0]]
[2021.06.23-00.42.21:110][  0]LogConfig: Setting CVar [[grass.DensityScale:1.0]]
[2021.06.23-00.42.21:110][  0]LogConfig: Applying CVar settings from Section [ShadingQuality@3] File [C:/Users/engdep/Desktop/HttpSample/Saved/Config/Windows/Scalability.ini]
[2021.06.23-00.42.21:110][  0]LogConfig: Setting CVar [[r.HairStrands.SkyLighting.SampleCount:16]]
[2021.06.23-00.42.21:110][  0]LogConfig: Setting CVar [[r.HairStrands.SkyLighting.JitterIntegration:0]]
[2021.06.23-00.42.21:110][  0]LogConfig: Setting CVar [[r.HairStrands.SkyAO.SampleCount:16]]
[2021.06.23-00.42.21:110][  0]LogConfig: Setting CVar [[r.HairStrands.DeepShadow.SuperSampling:0]]
[2021.06.23-00.42.21:110][  0]LogConfig: Setting CVar [[r.HairStrands.VisibilityPPLL:0]]
[2021.06.23-00.42.21:110][  0]LogConfig: Setting CVar [[r.HairStrands.RasterizationScale:0.5]]
[2021.06.23-00.42.21:110][  0]LogConfig: Setting CVar [[r.HairStrands.VelocityRasterizationScale:1]]
[2021.06.23-00.42.21:110][  0]LogConfig: Applying CVar settings from Section [Startup] File [../../../Engine/Config/ConsoleVariables.ini]
[2021.06.23-00.42.21:111][  0]LogConfig: Setting CVar [[net.UseAdaptiveNetUpdateFrequency:0]]
[2021.06.23-00.42.21:111][  0]LogConfig: Setting CVar [[p.chaos.AllowCreatePhysxBodies:1]]
[2021.06.23-00.42.21:111][  0]LogConfig: Setting CVar [[fx.SkipVectorVMBackendOptimizations:1]]
[2021.06.23-00.42.21:111][  0]LogConfig: Applying CVar settings from Section [ConsoleVariables] File [C:/Users/engdep/Desktop/HttpSample/Saved/Config/Windows/Engine.ini]
[2021.06.23-00.42.21:115][  0]LogInit: Computer: LAPTOP-1DCG08E9
[2021.06.23-00.42.21:115][  0]LogInit: User: engdep
[2021.06.23-00.42.21:116][  0]LogInit: CPU Page size=4096, Cores=6
[2021.06.23-00.42.21:116][  0]LogInit: High frequency timer resolution =10.000000 MHz
[2021.06.23-00.42.21:116][  0]LogMemory: Memory total: Physical=15.9GB (16GB approx)
[2021.06.23-00.42.21:117][  0]LogMemory: Platform Memory Stats for Windows
[2021.06.23-00.42.21:117][  0]LogMemory: Process Physical Memory: 116.45 MB used, 116.45 MB peak
[2021.06.23-00.42.21:117][  0]LogMemory: Process Virtual Memory: 105.18 MB used, 105.18 MB peak
[2021.06.23-00.42.21:117][  0]LogMemory: Physical Memory: 6262.56 MB used,  10019.82 MB free, 16282.38 MB total
[2021.06.23-00.42.21:117][  0]LogMemory: Virtual Memory: 5174.96 MB used,  134212552.00 MB free, 134217728.00 MB total
[2021.06.23-00.42.21:125][  0]LogWindows: WindowsPlatformFeatures enabled
[2021.06.23-00.42.21:404][  0]LogInit: Physics initialised using underlying interface: PhysX
[2021.06.23-00.42.21:414][  0]LogInit: Overriding language with editor language configuration option (en).
[2021.06.23-00.42.21:414][  0]LogInit: Overriding locale with editor culture configuration option ().
[2021.06.23-00.42.21:414][  0]LogInit: Using OS detected locale (ja-JP).
[2021.06.23-00.42.21:779][  0]LogInit: Setting process to per monitor DPI aware
[2021.06.23-00.42.21:868][  0]LogSlate: New Slate User Created.  User Index 0, Is Virtual User: 0
[2021.06.23-00.42.21:868][  0]LogSlate: Slate User Registered.  User Index 0, Is Virtual User: 0
[2021.06.23-00.42.24:037][  0]LogHMD: Failed to initialize OpenVR with code 110
[2021.06.23-00.42.24:037][  0]LogD3D11RHI: D3D11 min allowed feature level: 11_0
[2021.06.23-00.42.24:037][  0]LogD3D11RHI: D3D11 max allowed feature level: 11_0
[2021.06.23-00.42.24:037][  0]LogD3D11RHI: D3D11 adapters:
[2021.06.23-00.42.24:128][  0]LogD3D11RHI:    0. 'NVIDIA GeForce RTX 2080 with Max-Q Design' (Feature Level 11_0)
[2021.06.23-00.42.24:128][  0]LogD3D11RHI:       8010/0/8141 MB DedicatedVideo/DedicatedSystem/SharedSystem, Outputs:1, VendorId:0x10de
[2021.06.23-00.42.24:148][  0]LogD3D11RHI:    1. 'Intel(R) UHD Graphics 630' (Feature Level 11_0)
[2021.06.23-00.42.24:148][  0]LogD3D11RHI:       128/0/8141 MB DedicatedVideo/DedicatedSystem/SharedSystem, Outputs:0, VendorId:0x8086
[2021.06.23-00.42.24:150][  0]LogD3D11RHI:    2. 'Microsoft Basic Render Driver' (Feature Level 11_0)
[2021.06.23-00.42.24:150][  0]LogD3D11RHI:       0/0/8141 MB DedicatedVideo/DedicatedSystem/SharedSystem, Outputs:0, VendorId:0x1414
[2021.06.23-00.42.24:150][  0]LogD3D11RHI: Chosen D3D11 Adapter: 0
[2021.06.23-00.42.24:189][  0]LogD3D11RHI: Creating new Direct3DDevice
[2021.06.23-00.42.24:189][  0]LogD3D11RHI:     GPU DeviceId: 0x1e90 (for the marketing name, search the web for "GPU Device Id")
[2021.06.23-00.42.24:189][  0]LogWindows: EnumDisplayDevices:
[2021.06.23-00.42.24:189][  0]LogWindows:    0. 'Intel(R) UHD Graphics 630' (P:1 D:1)
[2021.06.23-00.42.24:190][  0]LogWindows:    1. 'Intel(R) UHD Graphics 630' (P:0 D:0)
[2021.06.23-00.42.24:190][  0]LogWindows:    2. 'Intel(R) UHD Graphics 630' (P:0 D:0)
[2021.06.23-00.42.24:190][  0]LogWindows:    3. 'NVIDIA GeForce RTX 2080 with Max-Q Design' (P:0 D:0)
[2021.06.23-00.42.24:190][  0]LogWindows:    4. 'NVIDIA GeForce RTX 2080 with Max-Q Design' (P:0 D:0)
[2021.06.23-00.42.24:191][  0]LogWindows:    5. 'NVIDIA GeForce RTX 2080 with Max-Q Design' (P:0 D:0)
[2021.06.23-00.42.24:191][  0]LogWindows:    6. 'NVIDIA GeForce RTX 2080 with Max-Q Design' (P:0 D:0)
[2021.06.23-00.42.24:191][  0]LogWindows: DebugString: PrimaryIsNotTheChoosenAdapter PrimaryIsNotTheChoosenAdapter PrimaryIsNotTheChoosenAdapter FoundDriverCount:4 
[2021.06.23-00.42.24:191][  0]LogD3D11RHI:     Adapter Name: NVIDIA GeForce RTX 2080 with Max-Q Design
[2021.06.23-00.42.24:191][  0]LogD3D11RHI:   Driver Version: 425.45 (internal:25.21.14.2545, unified:425.45)
[2021.06.23-00.42.24:191][  0]LogD3D11RHI:      Driver Date: 4-23-2019
[2021.06.23-00.42.24:191][  0]LogRHI: Texture pool is 5607 MB (70% of 8010 MB)
[2021.06.23-00.42.24:250][  0]LogD3D11RHI: RHI has support for 64 bit atomics
[2021.06.23-00.42.24:251][  0]LogD3D11RHI: Async texture creation enabled
[2021.06.23-00.42.24:251][  0]LogD3D11RHI: Array index from any shader is supported
[2021.06.23-00.42.24:289][  0]LogD3D11RHI: GPU Timing Frequency: 1000.000000 (Debug: 2 1)
[2021.06.23-00.42.24:565][  0]LogTargetPlatformManager: Display: Loaded TargetPlatform 'AllDesktop'
[2021.06.23-00.42.24:590][  0]LogTargetPlatformManager: Display: Loaded TargetPlatform 'Android'
[2021.06.23-00.42.24:590][  0]LogTargetPlatformManager: Display: Loaded TargetPlatform 'Android_ASTC'
[2021.06.23-00.42.24:590][  0]LogTargetPlatformManager: Display: Loaded TargetPlatform 'Android_DXT'
[2021.06.23-00.42.24:590][  0]LogTargetPlatformManager: Display: Loaded TargetPlatform 'Android_ETC2'
[2021.06.23-00.42.24:590][  0]LogTargetPlatformManager: Display: Loaded TargetPlatform 'AndroidClient'
[2021.06.23-00.42.24:590][  0]LogTargetPlatformManager: Display: Loaded TargetPlatform 'Android_ASTCClient'
[2021.06.23-00.42.24:590][  0]LogTargetPlatformManager: Display: Loaded TargetPlatform 'Android_DXTClient'
[2021.06.23-00.42.24:590][  0]LogTargetPlatformManager: Display: Loaded TargetPlatform 'Android_ETC2Client'
[2021.06.23-00.42.24:590][  0]LogTargetPlatformManager: Display: Loaded TargetPlatform 'Android_Multi'
[2021.06.23-00.42.24:590][  0]LogTargetPlatformManager: Display: Loaded TargetPlatform 'Android_MultiClient'
[2021.06.23-00.42.24:627][  0]LogTargetPlatformManager: Display: Loaded TargetPlatform 'IOSClient'
[2021.06.23-00.42.24:627][  0]LogTargetPlatformManager: Display: Loaded TargetPlatform 'IOS'
[2021.06.23-00.42.24:642][  0]LogTargetPlatformManager: Display: Loaded TargetPlatform 'Linux'
[2021.06.23-00.42.24:657][  0]LogTargetPlatformManager: Display: Loaded TargetPlatform 'LinuxNoEditor'
[2021.06.23-00.42.24:668][  0]LogTargetPlatformManager: Display: Loaded TargetPlatform 'LinuxClient'
[2021.06.23-00.42.24:682][  0]LogTargetPlatformManager: Display: Loaded TargetPlatform 'LinuxServer'
[2021.06.23-00.42.24:696][  0]LogTargetPlatformManager: Display: Loaded TargetPlatform 'LinuxAArch64NoEditor'
[2021.06.23-00.42.24:708][  0]LogTargetPlatformManager: Display: Loaded TargetPlatform 'LinuxAArch64Client'
[2021.06.23-00.42.24:722][  0]LogTargetPlatformManager: Display: Loaded TargetPlatform 'LinuxAArch64Server'
[2021.06.23-00.42.24:753][  0]LogTargetPlatformManager: Display: Loaded TargetPlatform 'Lumin'
[2021.06.23-00.42.24:753][  0]LogTargetPlatformManager: Display: Loaded TargetPlatform 'LuminClient'
[2021.06.23-00.42.24:770][  0]LogTargetPlatformManager: Display: Loaded TargetPlatform 'TVOSClient'
[2021.06.23-00.42.24:770][  0]LogTargetPlatformManager: Display: Loaded TargetPlatform 'TVOS'
[2021.06.23-00.42.24:784][  0]LogTargetPlatformManager: Display: Loaded TargetPlatform 'WindowsNoEditor'
[2021.06.23-00.42.24:797][  0]LogTargetPlatformManager: Display: Loaded TargetPlatform 'Windows'
[2021.06.23-00.42.24:810][  0]LogTargetPlatformManager: Display: Loaded TargetPlatform 'WindowsClient'
[2021.06.23-00.42.24:824][  0]LogTargetPlatformManager: Display: Loaded TargetPlatform 'WindowsServer'
[2021.06.23-00.42.24:824][  0]LogTargetPlatformManager: Display: Building Assets For Windows
[2021.06.23-00.42.24:841][  0]LogAudioDebug: Display: Lib vorbis DLL was dynamically loaded.
[2021.06.23-00.42.25:002][  0]LogShaderCompilers: Guid format shader working directory is -2 characters bigger than the processId version (../../../../../../Users/engdep/Desktop/HttpSample/Intermediate/Shaders/WorkingDirectory/5004/).
[2021.06.23-00.42.25:002][  0]LogShaderCompilers: Cleaned the shader compiler working directory 'C:/Users/engdep/AppData/Local/Temp/UnrealShaderWorkingDir/96DC023246BA61B3637FFCB38636FCD4/'.
[2021.06.23-00.42.25:008][  0]LogXGEController: Cleaning working directory: C:/Users/engdep/AppData/Local/Temp/UnrealXGEWorkingDir/
[2021.06.23-00.42.25:008][  0]LogXGEController: Cannot use XGE Controller as Incredibuild is not installed on this machine.
[2021.06.23-00.42.25:009][  0]LogShaderCompilers: Cannot use XGE Shader Compiler as Incredibuild is not installed on this machine.
[2021.06.23-00.42.25:009][  0]LogShaderCompilers: Display: Using Local Shader Compiler.
[2021.06.23-00.42.27:545][  0]LogDerivedDataCache: Display: Max Cache Size: 512 MB
[2021.06.23-00.42.27:635][  0]LogDerivedDataCache: Loaded boot cache 0.09s 102MB C:/Users/engdep/AppData/Local/UnrealEngine/4.25/DerivedDataCache/Boot.ddc.
[2021.06.23-00.42.27:635][  0]LogDerivedDataCache: Display: Loaded Boot cache: C:/Users/engdep/AppData/Local/UnrealEngine/4.25/DerivedDataCache/Boot.ddc
[2021.06.23-00.42.27:635][  0]LogDerivedDataCache: FDerivedDataBackendGraph:  Pak pak cache file ../../../../../../Users/engdep/Desktop/HttpSample/DerivedDataCache/DDC.ddp not found, will not use a pak cache.
[2021.06.23-00.42.27:635][  0]LogDerivedDataCache: Unable to find inner node Pak for hierarchical cache Hierarchy.
[2021.06.23-00.42.27:635][  0]LogDerivedDataCache: FDerivedDataBackendGraph:  CompressedPak pak cache file ../../../../../../Users/engdep/Desktop/HttpSample/DerivedDataCache/Compressed.ddp not found, will not use a pak cache.
[2021.06.23-00.42.27:635][  0]LogDerivedDataCache: Unable to find inner node CompressedPak for hierarchical cache Hierarchy.
[2021.06.23-00.42.27:648][  0]LogDerivedDataCache: Display: Pak cache opened for reading ../../../Engine/DerivedDataCache/Compressed.ddp.
[2021.06.23-00.42.27:648][  0]LogDerivedDataCache: FDerivedDataBackendGraph:  EnterprisePak pak cache file ../../../Enterprise/DerivedDataCache/Compressed.ddp not found, will not use a pak cache.
[2021.06.23-00.42.27:648][  0]LogDerivedDataCache: Unable to find inner node EnterprisePak for hierarchical cache Hierarchy.
[2021.06.23-00.42.27:649][  0]LogDerivedDataCache: Using Local data cache path C:/Users/engdep/AppData/Local/UnrealEngine/Common/DerivedDataCache: Writable
[2021.06.23-00.42.27:649][  0]LogDerivedDataCache: Shared data cache path not found in *engine.ini, will not use an Shared cache.
[2021.06.23-00.42.27:649][  0]LogDerivedDataCache: Unable to find inner node Shared for hierarchical cache Hierarchy.
[2021.06.23-00.42.27:698][  0]LogSlate: Using FreeType 2.10.0
[2021.06.23-00.42.27:711][  0]LogSlate: SlateFontServices - WITH_FREETYPE: 1, WITH_HARFBUZZ: 1
[2021.06.23-00.42.27:750][  0]LogAssetRegistry: FAssetRegistry took 0.0043 seconds to start up
[2021.06.23-00.42.28:090][  0]LogInit: Selected Device Profile: [Windows]
[2021.06.23-00.42.28:257][  0]LogMeshReduction: Using QuadricMeshReduction for automatic static mesh reduction
[2021.06.23-00.42.28:257][  0]LogMeshReduction: Using SimplygonMeshReduction for automatic skeletal mesh reduction
[2021.06.23-00.42.28:257][  0]LogMeshReduction: Using ProxyLODMeshReduction for automatic mesh merging
[2021.06.23-00.42.28:257][  0]LogMeshReduction: No distributed automatic mesh merging module available
[2021.06.23-00.42.28:257][  0]LogMeshMerging: No distributed automatic mesh merging module available
[2021.06.23-00.42.28:291][  0]LogNetVersion: HttpSample 1.0.0, NetCL: 13144385, EngineNetVer: 14, GameNetVer: 0 (Checksum: 3800803376)
[2021.06.23-00.42.28:907][  0]LogAISub: UAISubsystem::UAISubsystem AISubsystem (000001FF4DA81D00), frame # 0
[2021.06.23-00.42.28:907][  0]LogAISub: UAISubsystem::UAISubsystem AIPerceptionSystem (000001FF4D9CD080), frame # 0
[2021.06.23-00.42.28:910][  0]LogAISub: UAISubsystem::UAISubsystem EnvQueryManager (000001FF4DA21E00), frame # 0
[2021.06.23-00.42.28:971][  0]LogPackageLocalizationCache: Processed 19 localized package path(s) for 1 prioritized culture(s) in 0.042767 seconds
[2021.06.23-00.42.28:976][  0]LogUObjectArray: 15917 objects as part of root set at end of initial load.
[2021.06.23-00.42.28:976][  0]LogUObjectAllocator: 3965568 out of 0 bytes used by permanent object pool.
[2021.06.23-00.42.28:976][  0]LogUObjectArray: CloseDisregardForGC: 0/0 objects in disregard for GC pool
[2021.06.23-00.42.30:018][  0]LogTcpMessaging: Initializing TcpMessaging bridge
[2021.06.23-00.42.30:031][  0]LogUdpMessaging: Initializing bridge on interface 0.0.0.0:0 to multicast group 230.0.0.1:6666.
[2021.06.23-00.42.30:248][  0]SourceControl: Source control is disabled
[2021.06.23-00.42.30:249][  0]SourceControl: Source control is disabled
[2021.06.23-00.42.30:275][  0]SourceControl: Source control is disabled
[2021.06.23-00.42.30:286][  0]SourceControl: Source control is disabled
[2021.06.23-00.42.30:299][  0]SourceControl: Source control is disabled
[2021.06.23-00.42.30:995][  0]LogAndroidPermission: UAndroidPermissionCallbackProxy::GetInstance
[2021.06.23-00.42.31:030][  0]LogAudioCaptureCore: Display: No Audio Capture implementations found. Audio input will be silent.
[2021.06.23-00.42.31:030][  0]LogAudioCaptureCore: Display: No Audio Capture implementations found. Audio input will be silent.
[2021.06.23-00.42.31:110][  0]LogOcInput: OculusInput pre-init called
[2021.06.23-00.42.31:137][  0]LogWindows: Failed to load 'OVRPlugin.dll' (GetLastError=126)
[2021.06.23-00.42.31:137][  0]LogWindows: File 'OVRPlugin.dll' does not exist
[2021.06.23-00.42.31:334][  0]LogEngine: Initializing Engine...
[2021.06.23-00.42.31:337][  0]LogHMD: Failed to initialize OpenVR with code 110
[2021.06.23-00.42.31:337][  0]LogMagicLeap: Warning: VR disabled because ZI is not enabled.  To enable, in the editor, Edit -> Project Settings -> Plugins -> Magic Leap Plugin -> Enable Zero Iteration
[2021.06.23-00.42.31:342][  0]LogStats: UGameplayTagsManager::InitializeManager -  0.003 s
[2021.06.23-00.42.31:475][  0]LogInit: Initializing FReadOnlyCVARCache
[2021.06.23-00.42.31:506][  0]LogAIModule: Creating AISystem for world Untitled
[2021.06.23-00.42.31:506][  0]LogAISub: UAISubsystem::UAISubsystem EnvQueryManager (000001FF5012BC00), frame # 0
[2021.06.23-00.42.31:506][  0]LogAISub: UAISubsystem::UAISubsystem AIPerceptionSystem (000001FF501A1080), frame # 0
[2021.06.23-00.42.31:518][  0]LogAudioMixer: Display: Audio Mixer Platform Settings:
[2021.06.23-00.42.31:518][  0]LogAudioMixer: Display: 	Sample Rate:						  48000
[2021.06.23-00.42.31:518][  0]LogAudioMixer: Display: 	Callback Buffer Frame Size Requested: 1024
[2021.06.23-00.42.31:518][  0]LogAudioMixer: Display: 	Callback Buffer Frame Size To Use:	  1024
[2021.06.23-00.42.31:518][  0]LogAudioMixer: Display: 	Number of buffers to queue:			  2
[2021.06.23-00.42.31:518][  0]LogAudioMixer: Display: 	Max Channels (voices):				  32
[2021.06.23-00.42.31:518][  0]LogAudioMixer: Display: 	Number of Async Source Workers:		  0
[2021.06.23-00.42.31:518][  0]LogAudio: Display: AudioDevice MaxSources: 32
[2021.06.23-00.42.31:519][  0]LogAudio: Display: Using built-in audio occlusion.
[2021.06.23-00.42.31:519][  0]LogAudioMixer: Display: Initializing audio mixer.
[2021.06.23-00.42.31:539][  0]LogAudioMixer: Display: 0: FrontLeft
[2021.06.23-00.42.31:539][  0]LogAudioMixer: Display: 1: FrontRight
[2021.06.23-00.42.31:732][  0]LogAudioMixer: Display: Using Audio Device Speakers (2- Realtek(R) Audio)
[2021.06.23-00.42.31:735][  0]LogAudioMixer: Display: Initializing Sound Submixes...
[2021.06.23-00.42.31:740][  0]LogAudioMixer: Display: Creating Master Submix 'MasterSubmixDefault'
[2021.06.23-00.42.31:740][  0]LogAudioMixer: Display: Creating Master Submix 'MasterReverbSubmixDefault'
[2021.06.23-00.42.31:742][  0]LogAudioMixer: Display: Creating Master Submix 'MasterEQSubmixDefault'
[2021.06.23-00.42.31:745][  0]LogInit: FAudioDevice initialized.
[2021.06.23-00.42.31:745][  0]LogNetVersion: Set ProjectVersion to 1.0.0.0. Version Checksum will be recalculated on next use.
[2021.06.23-00.42.31:805][  0]LogDerivedDataCache: Saved boot cache 0.06s 76MB C:/Users/engdep/AppData/Local/UnrealEngine/4.25/DerivedDataCache/Boot.ddc.
[2021.06.23-00.42.31:805][  0]LogInit: Texture streaming: Enabled
[2021.06.23-00.42.31:829][  0]LogEngineSessionManager: EngineSessionManager initialized
[2021.06.23-00.42.31:829][  0]LogEngineSessionManager: EngineSessionManager sent abnormal shutdown report. Type=AbnormalShutdown, SessionId={D0351332-4878-CF33-97A4-FDB6CE07701E}
[2021.06.23-00.42.31:829][  0]LogEditorSessionSummary: Verbose: Initializing EditorSessionSummaryWriter for editor session tracking
[2021.06.23-00.42.31:832][  0]LogEditorSessionSummary: EditorSessionSummaryWriter initialized
[2021.06.23-00.42.31:887][  0]LogInit: Transaction tracking system initialized
[2021.06.23-00.42.31:971][  0]BlueprintLog: New page: Editor Load
[2021.06.23-00.42.32:241][  0]LocalizationService: Localization service is disabled
[2021.06.23-00.42.32:510][  0]LogCook: Display: Max memory allowance for cook 16384mb min free memory 0mb
[2021.06.23-00.42.32:510][  0]LogCook: Display: Mobile HDR setting 1
[2021.06.23-00.42.32:561][  0]LogFileCache: Scanning file cache for directory 'C:/Users/engdep/Desktop/HttpSample/Content/' took 0.00s
[2021.06.23-00.42.33:033][  0]SourceControl: Source control is disabled
[2021.06.23-00.42.33:135][  0]LogWindowsTextInputMethodSystem: Display: IME system now activated using TSF (Microsoft IME).
[2021.06.23-00.42.33:198][  0]LogSlate: Took 0.000653 seconds to synchronously load lazily loaded font '../../../Engine/Content/Slate/Fonts/Roboto-Regular.ttf' (155K)
[2021.06.23-00.42.52:065][  0]LogSlate: Window 'Restore Packages' being destroyed
[2021.06.23-00.42.52:074][  0]LogWindowsTextInputMethodSystem: Display: IME system now activated using TSF (Microsoft IME).
[2021.06.23-00.42.52:079][  0]LogWindowsTextInputMethodSystem: Display: IME system now activated using TSF (Microsoft IME).
[2021.06.23-00.42.52:084][  0]LogUnrealEdMisc: Loading editor; pre map load, took 34.002
[2021.06.23-00.42.52:086][  0]Cmd: MAP LOAD FILE="../../../../../../Users/engdep/Desktop/HttpSample/Content/ThirdPersonBP/Maps/ThirdPersonExampleMap.umap" TEMPLATE=0 SHOWPROGRESS=1 FEATURELEVEL=3
[2021.06.23-00.42.52:087][  0]LightingResults: New page: Lighting Build
[2021.06.23-00.42.52:092][  0]LogWorld: UWorld::CleanupWorld for Untitled, bSessionEnded=true, bCleanupResources=true
[2021.06.23-00.42.52:092][  0]LogSlate: InvalidateAllWidgets triggered.  All widgets were invalidated
[2021.06.23-00.42.52:093][  0]MapCheck: New page: Map Check
[2021.06.23-00.42.52:093][  0]LightingResults: New page: Lighting Build
[2021.06.23-00.42.52:113][  0]LogAISub: UAISubsystem::~UAISubsystem EnvQueryManager (000001FF5012BC00), frame # 0
[2021.06.23-00.42.52:113][  0]LogAISub: UAISubsystem::~UAISubsystem AIPerceptionSystem (000001FF501A1080), frame # 0
[2021.06.23-00.42.52:114][  0]LogUObjectHash: Compacting FUObjectHashTables data took   0.74ms
[2021.06.23-00.42.52:409][  0]LogAIModule: Creating AISystem for world ThirdPersonExampleMap
[2021.06.23-00.42.52:409][  0]LogAISub: UAISubsystem::UAISubsystem EnvQueryManager (000001FF3FD3BE00), frame # 0
[2021.06.23-00.42.52:410][  0]LogAISub: UAISubsystem::UAISubsystem AIPerceptionSystem (000001FF3FD43B00), frame # 0
[2021.06.23-00.42.52:436][  0]LogEditorServer: Finished looking for orphan Actors (0.000 secs)
[2021.06.23-00.42.52:449][  0]LogUObjectHash: Compacting FUObjectHashTables data took   0.68ms
[2021.06.23-00.42.52:450][  0]Cmd: MAP CHECKDEP NOCLEARLOG
[2021.06.23-00.42.52:450][  0]MapCheck: Map check complete: 0 Error(s), 0 Warning(s), took 0.318ms to complete.
[2021.06.23-00.42.52:450][  0]LogFileHelpers: Loading map 'ThirdPersonExampleMap' took 0.364
[2021.06.23-00.42.52:473][  0]LogUnrealEdMisc: Total Editor Startup Time, took 34.392
[2021.06.23-00.42.52:566][  0]LogSlate: Updating window title bar state: overlay mode, drag disabled, window buttons hidden, title bar hidden
[2021.06.23-00.42.52:573][  0]LogSlate: Updating window title bar state: overlay mode, drag disabled, window buttons hidden, title bar hidden
[2021.06.23-00.42.52:577][  0]LogSlate: Updating window title bar state: overlay mode, drag disabled, window buttons hidden, title bar hidden
[2021.06.23-00.42.52:583][  0]LogSlate: Updating window title bar state: overlay mode, drag disabled, window buttons hidden, title bar hidden
[2021.06.23-00.42.52:595][  0]LogCollectionManager: Loaded 0 collections in 0.001574 seconds
[2021.06.23-00.42.52:621][  0]LogFileCache: Scanning file cache for directory 'C:/Users/engdep/Desktop/HttpSample/Saved/Collections/' took 0.00s
[2021.06.23-00.42.52:621][  0]LogFileCache: Scanning file cache for directory 'C:/Users/engdep/Desktop/HttpSample/Content/Developers/engdep/Collections/' took 0.00s
[2021.06.23-00.42.52:621][  0]LogFileCache: Scanning file cache for directory 'C:/Users/engdep/Desktop/HttpSample/Content/Collections/' took 0.00s
[2021.06.23-00.42.52:621][  0]LogContentBrowser: Native class hierarchy populated in 0.0090 seconds. Added 3428 classes and 823 folders.
[2021.06.23-00.42.52:627][  0]LogContentBrowser: Native class hierarchy updated for 'WidgetCarousel' in 0.0003 seconds. Added 0 classes and 0 folders.
[2021.06.23-00.42.52:749][  0]LogContentBrowser: Native class hierarchy updated for 'AddContentDialog' in 0.0004 seconds. Added 0 classes and 0 folders.
[2021.06.23-00.42.52:757][  0]LogContentBrowser: Native class hierarchy updated for 'SceneOutliner' in 0.0003 seconds. Added 2 classes and 0 folders.
[2021.06.23-00.42.52:776][  0]LogContentBrowser: Native class hierarchy updated for 'WorldBrowser' in 0.0003 seconds. Added 2 classes and 3 folders.
[2021.06.23-00.42.52:840][  0]LogSlate: Took 0.000772 seconds to synchronously load lazily loaded font '../../../Engine/Content/Slate/Fonts/Roboto-Bold.ttf' (160K)
[2021.06.23-00.42.52:847][  0]LogSlate: Took 0.000476 seconds to synchronously load lazily loaded font '../../../Engine/Content/Editor/Slate/Fonts/FontAwesome.ttf' (139K)
[2021.06.23-00.42.52:888][  0]LogRenderer: Reallocating scene render targets to support 896x448 Format 10 NumSamples 1 (Frame:1).
[2021.06.23-00.42.52:987][  0]LogContentBrowser: Native class hierarchy updated for 'HierarchicalLODOutliner' in 0.0004 seconds. Added 0 classes and 0 folders.
[2021.06.23-00.42.52:987][  0]LogLoad: (Engine Initialization) Total time: 34.90 seconds
[2021.06.23-00.42.52:987][  0]LogLoad: (Engine Initialization) Total Blueprint compile time: 0.00 seconds
[2021.06.23-00.42.53:041][  0]LogAssetRegistry: Asset discovery search completed in 25.2922 seconds
[2021.06.23-00.42.53:046][  0]LogCollectionManager: Fixed up redirectors for 0 collections in 0.000003 seconds (updated 0 objects)
[2021.06.23-00.42.53:049][  0]LogContentStreaming: Texture pool size now 1000 MB
[2021.06.23-00.42.54:025][ 78]LogSlate: Took 0.001095 seconds to synchronously load lazily loaded font '../../../Engine/Content/Slate/Fonts/Roboto-Light.ttf' (167K)
[2021.06.23-00.43.32:470][373]LogEditorViewport: Clicking on Actor (LMB): BP_Sky_Sphere_C (SkySphereBlueprint)
[2021.06.23-00.45.24:672][426]LogEditorViewport: Clicking on Actor (context menu): StaticMeshActor (Floor)
[2021.06.23-00.45.25:886][539]LogEditorViewport: Clicking on Actor (LMB): StaticMeshActor (Floor)
[2021.06.23-00.45.26:571][604]LogEditorViewport: Clicking on Actor (context menu): StaticMeshActor (Floor)
[2021.06.23-00.46.56:325][720]LogAssetEditorSubsystem: Opening Asset editor for LevelScriptBlueprint /Game/ThirdPersonBP/Maps/ThirdPersonExampleMap.ThirdPersonExampleMap:PersistentLevel.ThirdPersonExampleMap
[2021.06.23-00.46.56:564][720]LogContentBrowser: Native class hierarchy updated for 'BlueprintGraph' in 0.0006 seconds. Added 125 classes and 0 folders.
[2021.06.23-00.46.57:299][720]LogSlate: Took 0.001313 seconds to synchronously load lazily loaded font '../../../Engine/Content/Slate/Fonts/Roboto-BoldCondensed.ttf' (158K)
[2021.06.23-00.46.57:357][721]LogSlate: Took 0.001109 seconds to synchronously load lazily loaded font '../../../Engine/Content/Slate/Fonts/Roboto-Italic.ttf' (157K)
[2021.06.23-00.47.26:537][300]BlueprintLog: New page: Compile ThirdPersonExampleMap
[2021.06.23-00.47.26:602][300]LogUObjectHash: Compacting FUObjectHashTables data took   1.93ms
[2021.06.23-00.47.26:627][300]LogSlate: Took 0.001239 seconds to synchronously load lazily loaded font '../../../Engine/Content/Slate/Fonts/DroidSansMono.ttf' (77K)
[2021.06.23-00.47.27:681][354]LogUObjectHash: Compacting FUObjectHashTables data took   1.78ms
[2021.06.23-00.47.27:714][354]LogSavePackage: Moving '../../../../../../Users/engdep/Desktop/HttpSample/Saved/ThirdPersonExampleMap1617A53C45CA6D8A07C1958C8E55C61B.tmp' to '../../../../../../Users/engdep/Desktop/HttpSample/Content/ThirdPersonBP/Maps/ThirdPersonExampleMap.umap'
[2021.06.23-00.47.27:726][354]LogFileHelpers: Saving map 'ThirdPersonExampleMap' took 0.065
[2021.06.23-00.47.27:740][354]AssetCheck: New page: Asset Save: ThirdPersonExampleMap
[2021.06.23-00.47.27:740][354]LogContentValidation: Display: Validating World /Game/ThirdPersonBP/Maps/ThirdPersonExampleMap.ThirdPersonExampleMap
[2021.06.23-00.47.29:233][435]LogSlate: Window 'ThirdPersonExampleMap' being destroyed
[2021.06.23-00.47.29:247][436]LogRenderer: Reallocating scene render targets to support 2236x1112 Format 10 NumSamples 1 (Frame:10496).
[2021.06.23-00.47.31:241][632]LogUObjectHash: Compacting FUObjectHashTables data took   0.56ms
[2021.06.23-00.48.34:602][194]BlueprintLog: New page: Compile ThirdPersonExampleMap
[2021.06.23-00.48.34:645][194]LogUObjectHash: Compacting FUObjectHashTables data took   1.78ms
[2021.06.23-00.48.36:698][382]Candidate modules for hot reload:
[2021.06.23-00.48.36:698][382]  HttpSample
[2021.06.23-00.48.36:698][382]Launching UnrealBuildTool... [C:/Program Files/Epic Games/UE_4.25/Engine/Binaries/DotNET/UnrealBuildTool.exe  -ModuleWithSuffix=HttpSample,1918 HttpSampleEditor Win64 Development -Project="C:/Users/engdep/Desktop/HttpSample/HttpSample.uproject" "C:/Users/engdep/Desktop/HttpSample/HttpSample.uproject"  -IgnoreJunk]
[2021.06.23-00.48.36:700][382]Warning: Starting HotReload took  0.0s.
[2021.06.23-00.48.48:239][386]CompilerResultsLog: New page: Compilation - 2021/06/23 18:48:48
[2021.06.23-00.48.48:239][386]CompilerResultsLog: Building HttpSampleEditor...
[2021.06.23-00.48.48:239][386]CompilerResultsLog: Using Visual Studio 2019 14.29.30037 toolchain (C:\Program Files (x86)\Microsoft Visual Studio\2019\Community\VC\Tools\MSVC\14.29.30037) and Windows 10.0.18362.0 SDK (C:\Program Files (x86)\Windows Kits\10).
[2021.06.23-00.48.48:239][386]CompilerResultsLog: Building 4 actions with 12 processes...
[2021.06.23-00.48.48:239][386]CompilerResultsLog:   [1/4] HttpActor.cpp
[2021.06.23-00.48.48:239][386]CompilerResultsLog:   [2/4] UE4Editor-HttpSample-1918.lib
[2021.06.23-00.48.48:239][386]CompilerResultsLog:      ???C?u???? C:\Users\engdep\Desktop\HttpSample\Intermediate\Build\Win64\UE4Editor\Development\HttpSample\UE4Editor-HttpSample-1918.lib ?ƃI?u?W?F?N?g C:\Users\engdep\Desktop\HttpSample\Intermediate\Build\Win64\UE4Editor\Development\HttpSample\UE4Editor-HttpSample-1918.exp ???쐬??
[2021.06.23-00.48.48:239][386]CompilerResultsLog:   [3/4] UE4Editor-HttpSample-1918.dll
[2021.06.23-00.48.48:239][386]CompilerResultsLog:      ???C?u???? C:\Users\engdep\Desktop\HttpSample\Intermediate\Build\Win64\UE4Editor\Development\HttpSample\UE4Editor-HttpSample-1918.suppressed.lib ?ƃI?u?W?F?N?g C:\Users\engdep\Desktop\HttpSample\Intermediate\Build\Win64\UE4Editor\Development\HttpSample\UE4Editor-HttpSample-1918.suppressed.exp ???쐬??
[2021.06.23-00.48.48:239][386]CompilerResultsLog:   [4/4] HttpSampleEditor.target
[2021.06.23-00.48.48:239][386]CompilerResultsLog: Total time in Parallel executor: 10.47 seconds
[2021.06.23-00.48.48:240][386]CompilerResultsLog: Total execution time: 11.43 seconds
[2021.06.23-00.48.48:240][386]LogMainFrame: MainFrame: Module compiling took 11.546 seconds
[2021.06.23-00.48.48:274][386]LogClass: FutabaRequestStatus HotReload.
[2021.06.23-00.48.48:279][386]LogContentBrowser: Native class hierarchy updated for 'HttpSample' in 0.0005 seconds. Added 1 classes and 2 folders.
[2021.06.23-00.48.48:281][386]Display: HotReload successful (5 functions remapped  0 scriptstructs remapped)
[2021.06.23-00.48.48:366][386]LogContentBrowser: Native class hierarchy populated in 0.0075 seconds. Added 3430 classes and 826 folders.
[2021.06.23-00.48.48:366][386]Display: HotReload took 11.7s.
[2021.06.23-00.48.55:355][ 52]LogUObjectHash: Compacting FUObjectHashTables data took   3.07ms
[2021.06.23-00.48.55:376][ 52]LogSavePackage: Moving '../../../../../../Users/engdep/Desktop/HttpSample/Saved/ThirdPersonExampleMapCD2F5C0B446B22D054446B82D4692072.tmp' to '../../../../../../Users/engdep/Desktop/HttpSample/Content/ThirdPersonBP/Maps/ThirdPersonExampleMap.umap'
[2021.06.23-00.48.55:388][ 52]LogFileHelpers: Saving map 'ThirdPersonExampleMap' took 0.079
[2021.06.23-00.48.55:399][ 52]AssetCheck: New page: Asset Save: ThirdPersonExampleMap
[2021.06.23-00.48.55:399][ 52]LogContentValidation: Display: Validating World /Game/ThirdPersonBP/Maps/ThirdPersonExampleMap.ThirdPersonExampleMap
[2021.06.23-00.48.56:329][145]BlueprintLog: New page: Compile ThirdPersonExampleMap
[2021.06.23-00.48.56:376][145]LogUObjectHash: Compacting FUObjectHashTables data took   2.92ms
[2021.06.23-00.48.58:941][383]LogEditorViewport: Clicking on Actor (LMB): StaticMeshActor (Floor)
[2021.06.23-00.49.00:534][532]LogTemp: Repeating last play command: Selected Viewport
[2021.06.23-00.49.00:551][532]LogPlayLevel: PlayLevel: No blueprints needed recompiling
[2021.06.23-00.49.00:551][532]PIE: New page: PIE session: ThirdPersonExampleMap (2021/06/23 18:49:00)
[2021.06.23-00.49.00:553][532]LogOnline: OSS: Creating online subsystem instance for: NULL
[2021.06.23-00.49.00:554][532]LogOnline: OSS: TryLoadSubsystemAndSetDefault: Loaded subsystem for module [NULL]
[2021.06.23-00.49.00:554][532]LogPlayLevel: Creating play world package: /Game/ThirdPersonBP/Maps/UEDPIE_0_ThirdPersonExampleMap
[2021.06.23-00.49.00:566][532]LogPlayLevel: PIE: StaticDuplicateObject took: (0.011886s)
[2021.06.23-00.49.00:567][532]LogAIModule: Creating AISystem for world ThirdPersonExampleMap
[2021.06.23-00.49.00:567][532]LogAISub: UAISubsystem::UAISubsystem EnvQueryManager (000001FFE6F58400), frame # 21532
[2021.06.23-00.49.00:567][532]LogAISub: UAISubsystem::UAISubsystem AIPerceptionSystem (000001FFE6F4D6C0), frame # 21532
[2021.06.23-00.49.00:568][532]LogPlayLevel: PIE: World Init took: (0.001266s)
[2021.06.23-00.49.00:568][532]LogPlayLevel: PIE: Created PIE world by copying editor world from /Game/ThirdPersonBP/Maps/ThirdPersonExampleMap.ThirdPersonExampleMap to /Game/ThirdPersonBP/Maps/UEDPIE_0_ThirdPersonExampleMap.ThirdPersonExampleMap (0.013383s)
[2021.06.23-00.49.00:594][532]LogUObjectHash: Compacting FUObjectHashTables data took   2.17ms
[2021.06.23-00.49.00:596][532]LogAudioMixer: Display: Audio Mixer Platform Settings:
[2021.06.23-00.49.00:596][532]LogAudioMixer: Display: 	Sample Rate:						  48000
[2021.06.23-00.49.00:596][532]LogAudioMixer: Display: 	Callback Buffer Frame Size Requested: 1024
[2021.06.23-00.49.00:596][532]LogAudioMixer: Display: 	Callback Buffer Frame Size To Use:	  1024
[2021.06.23-00.49.00:596][532]LogAudioMixer: Display: 	Number of buffers to queue:			  2
[2021.06.23-00.49.00:596][532]LogAudioMixer: Display: 	Max Channels (voices):				  32
[2021.06.23-00.49.00:596][532]LogAudioMixer: Display: 	Number of Async Source Workers:		  0
[2021.06.23-00.49.00:596][532]LogAudio: Display: AudioDevice MaxSources: 32
[2021.06.23-00.49.00:597][532]LogAudio: Display: Using built-in audio occlusion.
[2021.06.23-00.49.00:597][532]LogAudioMixer: Display: Initializing audio mixer.
[2021.06.23-00.49.00:599][532]LogAudioMixer: Display: 0: FrontLeft
[2021.06.23-00.49.00:599][532]LogAudioMixer: Display: 1: FrontRight
[2021.06.23-00.49.00:614][532]LogAudioMixer: Display: Using Audio Device Speakers (2- Realtek(R) Audio)
[2021.06.23-00.49.00:615][532]LogAudioMixer: Display: Initializing Sound Submixes...
[2021.06.23-00.49.00:615][532]LogAudioMixer: Display: Creating Master Submix 'MasterSubmixDefault'
[2021.06.23-00.49.00:615][532]LogAudioMixer: Display: Creating Master Submix 'MasterReverbSubmixDefault'
[2021.06.23-00.49.00:615][532]LogAudioMixer: Display: Creating Master Submix 'MasterEQSubmixDefault'
[2021.06.23-00.49.00:626][532]LogInit: FAudioDevice initialized.
[2021.06.23-00.49.00:635][532]LogLoad: Game class is 'ThirdPersonGameMode_C'
[2021.06.23-00.49.00:638][532]LogWorld: Bringing World /Game/ThirdPersonBP/Maps/UEDPIE_0_ThirdPersonExampleMap.ThirdPersonExampleMap up for play (max tick rate 0) at 2021.06.23-09.49.00
[2021.06.23-00.49.00:638][532]LogWorld: Bringing up level for play took: 0.001038
[2021.06.23-00.49.00:638][532]LogOnline: OSS: Creating online subsystem instance for: :Context_5
[2021.06.23-00.49.00:677][532]LogContentBrowser: Native class hierarchy updated for 'MovieSceneCapture' in 0.0004 seconds. Added 20 classes and 0 folders.
[2021.06.23-00.49.00:679][532]PIE: Server logged in
[2021.06.23-00.49.00:681][532]PIE: Play in editor total start time 0.135 seconds.
[2021.06.23-00.49.02:913][717]LogJson: Warning: Field refresh_token was not found.
[2021.06.23-00.49.02:913][717]LogJson: Error: Json Value of type 'Null' used as a 'String'.
[2021.06.23-00.49.02:913][717]LogHttp: Display: Sleeping 0.5s to wait for 1 outstanding Http requests.
[2021.06.23-00.49.03:414][717]LogHttp: Display: Sleeping 0.5s to wait for 1 outstanding Http requests.
[2021.06.23-00.49.03:915][717]LogHttp: Display: Sleeping 0.5s to wait for 1 outstanding Http requests.
[2021.06.23-00.49.04:415][717]LogHttp: Display: Sleeping 0.5s to wait for 1 outstanding Http requests.
[2021.06.23-00.49.04:915][717]LogHttp: Display: Sleeping 0.5s to wait for 1 outstanding Http requests.
[2021.06.23-00.49.05:416][717]LogHttp: Display: Sleeping 0.5s to wait for 1 outstanding Http requests.
[2021.06.23-00.49.05:917][717]LogHttp: Display: Sleeping 0.5s to wait for 1 outstanding Http requests.
[2021.06.23-00.49.06:417][717]LogHttp: Display: Sleeping 0.5s to wait for 1 outstanding Http requests.
[2021.06.23-00.49.06:918][717]LogOutputDevice: Warning: 

Script Stack (2 frames):
ThirdPersonExampleMap_C.ExecuteUbergraph_ThirdPersonExampleMap
ThirdPersonExampleMap_C.InpActEvt_C_K2Node_InputKeyEvent_0

[2021.06.23-00.49.06:918][717]LogWindows: Windows GetLastError: この操作を正しく終了しました。 (0)
[2021.06.23-00.49.09:334][717]LogWindows: Error: === Critical error: ===
[2021.06.23-00.49.09:335][717]LogWindows: Error: 
[2021.06.23-00.49.09:335][717]LogWindows: Error: Assertion failed: IsValid() [File:C:\Program Files\Epic Games\UE_4.25\Engine\Source\Runtime\Core\Public\Templates/SharedPointer.h] [Line: 890] 
[2021.06.23-00.49.09:335][717]LogWindows: Error: 
[2021.06.23-00.49.09:335][717]LogWindows: Error: 
[2021.06.23-00.49.09:335][717]LogWindows: Error: 
[2021.06.23-00.49.09:335][717]LogWindows: Error: [Callstack] 0x00007ff9461e4b89 KERNELBASE.dll!UnknownFunction []
[2021.06.23-00.49.09:335][717]LogWindows: Error: [Callstack] 0x00007ff8d663ec66 UE4Editor-Core.dll!UnknownFunction []
[2021.06.23-00.49.09:335][717]LogWindows: Error: [Callstack] 0x00007ff8d6642048 UE4Editor-Core.dll!UnknownFunction []
[2021.06.23-00.49.09:335][717]LogWindows: Error: [Callstack] 0x00007ff8d63ce52d UE4Editor-Core.dll!UnknownFunction []
[2021.06.23-00.49.09:335][717]LogWindows: Error: [Callstack] 0x00007ff8d63597c5 UE4Editor-Core.dll!UnknownFunction []
[2021.06.23-00.49.09:335][717]LogWindows: Error: [Callstack] 0x00007ff8d635bb00 UE4Editor-Core.dll!UnknownFunction []
[2021.06.23-00.49.09:335][717]LogWindows: Error: [Callstack] 0x00007ff93edea1c4 UE4Editor-HttpSample-1918.dll!AHttpActor::GetAccessToken() [C:\Users\engdep\Desktop\HttpSample\Source\HttpSample\HttpActor.cpp:185]
[2021.06.23-00.49.09:335][717]LogWindows: Error: [Callstack] 0x00007ff93edf121e UE4Editor-HttpSample-1918.dll!AHttpActor::execGetAccessToken() [C:\Users\engdep\Desktop\HttpSample\Intermediate\Build\Win64\UE4Editor\Inc\HttpSample\HttpActor.gen.cpp:98]
[2021.06.23-00.49.09:335][717]LogWindows: Error: [Callstack] 0x00007ff8d5b60b34 UE4Editor-CoreUObject.dll!UnknownFunction []
[2021.06.23-00.49.09:335][717]LogWindows: Error: [Callstack] 0x00007ff8d5db00ad UE4Editor-CoreUObject.dll!UnknownFunction []
[2021.06.23-00.49.09:335][717]LogWindows: Error: [Callstack] 0x00007ff8d5dd30e3 UE4Editor-CoreUObject.dll!UnknownFunction []
[2021.06.23-00.49.09:335][717]LogWindows: Error: [Callstack] 0x00007ff8d5dfc9c1 UE4Editor-CoreUObject.dll!UnknownFunction []
[2021.06.23-00.49.09:335][717]LogWindows: Error: [Callstack] 0x00007ff8d5dd571d UE4Editor-CoreUObject.dll!UnknownFunction []
[2021.06.23-00.49.09:335][717]LogWindows: Error: [Callstack] 0x00007ff8d5da3bba UE4Editor-CoreUObject.dll!UnknownFunction []
[2021.06.23-00.49.09:335][717]LogWindows: Error: [Callstack] 0x00007ff8d5dd5362 UE4Editor-CoreUObject.dll!UnknownFunction []
[2021.06.23-00.49.09:335][717]LogWindows: Error: [Callstack] 0x00007ff8d5dd571d UE4Editor-CoreUObject.dll!UnknownFunction []
[2021.06.23-00.49.09:335][717]LogWindows: Error: [Callstack] 0x00007ff8d5dd4c24 UE4Editor-CoreUObject.dll!UnknownFunction []
[2021.06.23-00.49.09:335][717]LogWindows: Error: [Callstack] 0x00007ff8d5b60b34 UE4Editor-CoreUObject.dll!UnknownFunction []
[2021.06.23-00.49.09:335][717]LogWindows: Error: [Callstack] 0x00007ff8d5dd4753 UE4Editor-CoreUObject.dll!UnknownFunction []
[2021.06.23-00.49.09:335][717]LogWindows: Error: [Callstack] 0x00007ff8d2dfafe5 UE4Editor-Engine.dll!UnknownFunction []
[2021.06.23-00.49.09:335][717]LogWindows: Error: [Callstack] 0x00007ff8d3fb90d4 UE4Editor-Engine.dll!UnknownFunction []
[2021.06.23-00.49.09:335][717]LogWindows: Error: [Callstack] 0x00007ff8d3fe514e UE4Editor-Engine.dll!UnknownFunction []
[2021.06.23-00.49.09:335][717]LogWindows: Error: [Callstack] 0x00007ff8d3aeb988 UE4Editor-Engine.dll!UnknownFunction []
[2021.06.23-00.49.09:335][717]LogWindows: Error: [Callstack] 0x00007ff8d3aff1b4 UE4Editor-Engine.dll!UnknownFunction []
[2021.06.23-00.49.09:335][717]LogWindows: Error: [Callstack] 0x00007ff8d3ae9a1b UE4Editor-Engine.dll!UnknownFunction []
[2021.06.23-00.49.09:335][717]LogWindows: Error: [Callstack] 0x00007ff8d3afd681 UE4Editor-Engine.dll!UnknownFunction []
[2021.06.23-00.49.09:335][717]LogWindows: Error: [Callstack] 0x00007ff8d2dd9f84 UE4Editor-Engine.dll!UnknownFunction []
[2021.06.23-00.49.09:335][717]LogWindows: Error: [Callstack] 0x00007ff8d3e9936f UE4Editor-Engine.dll!UnknownFunction []
[2021.06.23-00.49.09:335][717]LogWindows: Error: [Callstack] 0x00007ff8d3e9e3c7 UE4Editor-Engine.dll!UnknownFunction []
[2021.06.23-00.49.09:335][717]LogWindows: Error: [Callstack] 0x00007ff8d61787d8 UE4Editor-Core.dll!UnknownFunction []
[2021.06.23-00.49.09:335][717]LogWindows: Error: [Callstack] 0x00007ff8d6178aa3 UE4Editor-Core.dll!UnknownFunction []
[2021.06.23-00.49.09:335][717]LogWindows: Error: [Callstack] 0x00007ff8d618f027 UE4Editor-Core.dll!UnknownFunction []
[2021.06.23-00.49.09:335][717]LogWindows: Error: [Callstack] 0x00007ff8d3eba402 UE4Editor-Engine.dll!UnknownFunction []
[2021.06.23-00.49.09:335][717]LogWindows: Error: [Callstack] 0x00007ff8d3ebf6ca UE4Editor-Engine.dll!UnknownFunction []
[2021.06.23-00.49.09:335][717]LogWindows: Error: [Callstack] 0x00007ff8d367d0bf UE4Editor-Engine.dll!UnknownFunction []
[2021.06.23-00.49.09:335][717]LogWindows: Error: [Callstack] 0x00007ff8d3687957 UE4Editor-Engine.dll!UnknownFunction []
[2021.06.23-00.49.09:335][717]LogWindows: Error: [Callstack] 0x00007ff8d0dbaf57 UE4Editor-UnrealEd.dll!UnknownFunction []
[2021.06.23-00.49.09:335][717]LogWindows: Error: [Callstack] 0x00007ff8d16937e6 UE4Editor-UnrealEd.dll!UnknownFunction []
[2021.06.23-00.49.09:335][717]LogWindows: Error: [Callstack] 0x00007ff7d5577800 UE4Editor.exe!UnknownFunction []
[2021.06.23-00.49.09:335][717]LogWindows: Error: [Callstack] 0x00007ff7d558ba7c UE4Editor.exe!UnknownFunction []
[2021.06.23-00.49.09:335][717]LogWindows: Error: [Callstack] 0x00007ff7d558bb5a UE4Editor.exe!UnknownFunction []
[2021.06.23-00.49.09:335][717]LogWindows: Error: [Callstack] 0x00007ff7d559e31d UE4Editor.exe!UnknownFunction []
[2021.06.23-00.49.09:335][717]LogWindows: Error: [Callstack] 0x00007ff7d55a145a UE4Editor.exe!UnknownFunction []
[2021.06.23-00.49.09:335][717]LogWindows: Error: [Callstack] 0x00007ff947937034 KERNEL32.DLL!UnknownFunction []
[2021.06.23-00.49.09:335][717]LogWindows: Error: [Callstack] 0x00007ff948ac2651 ntdll.dll!UnknownFunction []
[2021.06.23-00.49.09:335][717]LogWindows: Error: 
[2021.06.23-00.49.09:351][717]LogExit: Executing StaticShutdownAfterError
[2021.06.23-00.49.09:356][717]LogWindows: FPlatformMisc::RequestExit(1)
[2021.06.23-00.49.09:356][717]LogCore: Engine exit requested (reason: Win RequestExit)
[2021.06.23-00.49.09:368][717]Log file closed, 06/23/21 09:49:09
