Log file open, 06/21/21 17:16:25
LogInit: Display: Running engine for game: HttpSample
LogPlatformFile: Not using cached read wrapper
LogTaskGraph: Started task graph with 5 named threads and 35 total threads with 3 sets of task threads.
LogStats: Stats thread started at 0.176744
LogD3D11RHI: Loaded GFSDK_Aftermath_Lib.x64.dll
LogICUInternationalization: ICU TimeZone Detection - Raw Offset: +9:00, Platform Override: ''
LogPluginManager: Mounting plugin Paper2D
LogPluginManager: Mounting plugin AISupport
LogPluginManager: Mounting plugin LightPropagationVolume
LogPluginManager: Mounting plugin CameraShakePreviewer
LogPluginManager: Mounting plugin ActorLayerUtilities
LogPluginManager: Mounting plugin AnimationSharing
LogPluginManager: Mounting plugin CLionSourceCodeAccess
LogPluginManager: Mounting plugin CodeLiteSourceCodeAccess
LogPluginManager: Mounting plugin GitSourceControl
LogPluginManager: Mounting plugin KDevelopSourceCodeAccess
LogPluginManager: Mounting plugin NullSourceCodeAccess
LogPluginManager: Mounting plugin PerforceSourceControl
LogPluginManager: Mounting plugin PlasticSourceControl
LogPluginManager: Mounting plugin RiderSourceCodeAccess
LogPluginManager: Mounting plugin SubversionSourceControl
LogPluginManager: Mounting plugin UObjectPlugin
LogPluginManager: Mounting plugin VisualStudioCodeSourceCodeAccess
LogPluginManager: Mounting plugin VisualStudioSourceCodeAccess
LogPluginManager: Mounting plugin XCodeSourceCodeAccess
LogPluginManager: Mounting plugin AssetManagerEditor
LogPluginManager: Mounting plugin CryptoKeys
LogPluginManager: Mounting plugin CurveEditorTools
LogPluginManager: Mounting plugin DataValidation
LogPluginManager: Mounting plugin EditorScriptingUtilities
LogPluginManager: Mounting plugin FacialAnimation
LogPluginManager: Mounting plugin GameplayTagsEditor
LogPluginManager: Mounting plugin GeometryMode
LogPluginManager: Mounting plugin MacGraphicsSwitching
LogPluginManager: Mounting plugin MaterialAnalyzer
LogPluginManager: Mounting plugin MobileLauncherProfileWizard
LogPluginManager: Mounting plugin PluginBrowser
LogPluginManager: Mounting plugin SpeedTreeImporter
LogPluginManager: Mounting plugin DatasmithContent
LogPluginManager: Mounting plugin VariantManagerContent
LogPluginManager: Mounting plugin AlembicImporter
LogPluginManager: Mounting plugin AutomationUtils
LogPluginManager: Mounting plugin BackChannel
LogPluginManager: Mounting plugin ChaosCloth
LogPluginManager: Mounting plugin ChaosClothEditor
LogPluginManager: Mounting plugin ChaosEditor
LogPluginManager: Mounting plugin ChaosNiagara
LogPluginManager: Mounting plugin ChaosSolverPlugin
LogPluginManager: Mounting plugin CharacterAI
LogPluginManager: Mounting plugin GeometryCache
LogPluginManager: Mounting plugin GeometryCollectionPlugin
LogPluginManager: Mounting plugin GeometryProcessing
LogPluginManager: Mounting plugin PlanarCut
LogPluginManager: Mounting plugin PlatformCrypto
LogPluginManager: Mounting plugin ProxyLODPlugin
LogPluginManager: Mounting plugin SkeletalReduction
LogPluginManager: Mounting plugin Niagara
LogPluginManager: Mounting plugin MagicLeap
LogPluginManager: Mounting plugin MagicLeapLightEstimation
LogPluginManager: Mounting plugin MagicLeapMedia
LogPluginManager: Mounting plugin MagicLeapPassableWorld
LogPluginManager: Mounting plugin MLSDK
LogPluginManager: Mounting plugin AndroidMedia
LogPluginManager: Mounting plugin AvfMedia
LogPluginManager: Mounting plugin ImgMedia
LogPluginManager: Mounting plugin MediaCompositing
LogPluginManager: Mounting plugin MediaPlayerEditor
LogPluginManager: Mounting plugin WebMMedia
LogPluginManager: Mounting plugin WmfMedia
LogPluginManager: Mounting plugin MeshPainting
LogPluginManager: Mounting plugin TcpMessaging
LogPluginManager: Mounting plugin UdpMessaging
LogPluginManager: Mounting plugin ActorSequence
LogPluginManager: Mounting plugin LevelSequenceEditor
LogPluginManager: Mounting plugin MatineeToLevelSequence
LogPluginManager: Mounting plugin MovieRenderPipeline
LogPluginManager: Mounting plugin TemplateSequence
LogPluginManager: Mounting plugin NetcodeUnitTest
LogPluginManager: Mounting plugin NUTUnrealEngine4
LogPluginManager: Mounting plugin OnlineSubsystemGooglePlay
LogPluginManager: Mounting plugin OnlineSubsystemIOS
LogPluginManager: Mounting plugin OnlineSubsystem
LogPluginManager: Mounting plugin OnlineSubsystemNull
LogPluginManager: Mounting plugin OnlineSubsystemUtils
LogPluginManager: Mounting plugin LauncherChunkInstaller
LogPluginManager: Mounting plugin AndroidDeviceProfileSelector
LogPluginManager: Mounting plugin AndroidMoviePlayer
LogPluginManager: Mounting plugin AndroidPermission
LogPluginManager: Mounting plugin AppleImageUtils
LogPluginManager: Mounting plugin AppleMoviePlayer
LogPluginManager: Mounting plugin ArchVisCharacter
LogPluginManager: Mounting plugin AssetTags
LogPluginManager: Mounting plugin AudioCapture
LogPluginManager: Mounting plugin CableComponent
LogPluginManager: Mounting plugin CustomMeshComponent
LogPluginManager: Mounting plugin EditableMesh
LogPluginManager: Mounting plugin ExampleDeviceProfileSelector
LogPluginManager: Mounting plugin GoogleCloudMessaging
LogPluginManager: Mounting plugin GooglePAD
LogPluginManager: Mounting plugin IOSDeviceProfileSelector
LogPluginManager: Mounting plugin LinuxDeviceProfileSelector
LogPluginManager: Mounting plugin LocationServicesBPLibrary
LogPluginManager: Mounting plugin MobilePatchingUtils
LogPluginManager: Mounting plugin OculusVR
LogPluginManager: Mounting plugin PhysXVehicles
LogPluginManager: Mounting plugin PostSplashScreen
LogPluginManager: Mounting plugin ProceduralMeshComponent
LogPluginManager: Mounting plugin RuntimePhysXCooking
LogPluginManager: Mounting plugin SignificanceManager
LogPluginManager: Mounting plugin SoundFields
LogPluginManager: Mounting plugin SteamVR
LogPluginManager: Mounting plugin Synthesis
LogPluginManager: Mounting plugin WebMMoviePlayer
LogPluginManager: Mounting plugin WindowsMoviePlayer
LogPluginManager: Mounting plugin ScreenshotTools
LogInit: Using libcurl 7.55.1-DEV
LogInit:  - built for x86_64-pc-win32
LogInit:  - supports SSL with OpenSSL/1.1.1
LogInit:  - supports HTTP deflate (compression) using libz 1.2.8
LogInit:  - other features:
LogInit:      CURL_VERSION_SSL
LogInit:      CURL_VERSION_LIBZ
LogInit:      CURL_VERSION_IPV6
LogInit:      CURL_VERSION_ASYNCHDNS
LogInit:      CURL_VERSION_LARGEFILE
LogInit:      CURL_VERSION_IDN
LogInit:  CurlRequestOptions (configurable via config and command line):
LogInit:  - bVerifyPeer = true  - Libcurl will verify peer certificate
LogInit:  - bUseHttpProxy = false  - Libcurl will NOT use HTTP proxy
LogInit:  - bDontReuseConnections = false  - Libcurl will reuse connections
LogInit:  - MaxHostConnections = 16  - Libcurl will limit the number of connections to a host
LogInit:  - LocalHostAddr = Default
LogInit:  - BufferSize = 65536
LogOnline: OSS: Creating online subsystem instance for: NULL
LogInit: WinSock: version 1.1 (2.2), MaxSocks=32767, MaxUdp=65467
LogOnline: OSS: TryLoadSubsystemAndSetDefault: Loaded subsystem for module [NULL]
LogInit: Build: ++UE4+Release-4.25-CL-14469661
LogInit: Engine Version: 4.25.4-14469661+++UE4+Release-4.25
LogInit: Compatible Engine Version: 4.25.0-13144385+++UE4+Release-4.25
LogInit: Net CL: 13144385
LogInit: OS: Windows 10 (Release 2004) (), CPU: Intel(R) Core(TM) i7-9750H CPU @ 2.60GHz, GPU: Intel(R) UHD Graphics 630
LogInit: Compiled (64-bit): Oct 11 2020 08:10:49
LogInit: Compiled with Visual C++: 19.24.28315.00
LogInit: Build Configuration: Development
LogInit: Branch Name: ++UE4+Release-4.25
LogInit: Command Line: 
LogInit: Base Directory: C:/Program Files/Epic Games/UE_4.25/Engine/Binaries/Win64/
LogInit: Allocator: TBB
LogInit: Installed Engine Build: 1
LogDevObjectVersion: Number of dev versions registered: 26
LogDevObjectVersion:   Dev-Blueprints (B0D832E4-1F89-4F0D-ACCF-7EB736FD4AA2): 10
LogDevObjectVersion:   Dev-Build (E1C64328-A22C-4D53-A36C-8E866417BD8C): 0
LogDevObjectVersion:   Dev-Core (375EC13C-06E4-48FB-B500-84F0262A717E): 4
LogDevObjectVersion:   Dev-Editor (E4B068ED-F494-42E9-A231-DA0B2E46BB41): 38
LogDevObjectVersion:   Dev-Framework (CFFC743F-43B0-4480-9391-14DF171D2073): 37
LogDevObjectVersion:   Dev-Mobile (B02B49B5-BB20-44E9-A304-32B752E40360): 2
LogDevObjectVersion:   Dev-Networking (A4E4105C-59A1-49B5-A7C5-40C4547EDFEE): 0
LogDevObjectVersion:   Dev-Online (39C831C9-5AE6-47DC-9A44-9C173E1C8E7C): 0
LogDevObjectVersion:   Dev-Physics (78F01B33-EBEA-4F98-B9B4-84EACCB95AA2): 4
LogDevObjectVersion:   Dev-Platform (6631380F-2D4D-43E0-8009-CF276956A95A): 0
LogDevObjectVersion:   Dev-Rendering (12F88B9F-8875-4AFC-A67C-D90C383ABD29): 43
LogDevObjectVersion:   Dev-Sequencer (7B5AE74C-D270-4C10-A958-57980B212A5A): 12
LogDevObjectVersion:   Dev-VR (D7296918-1DD6-4BDD-9DE2-64A83CC13884): 3
LogDevObjectVersion:   Dev-LoadTimes (C2A15278-BFE7-4AFE-6C17-90FF531DF755): 1
LogDevObjectVersion:   Private-Geometry (6EACA3D4-40EC-4CC1-B786-8BED09428FC5): 3
LogDevObjectVersion:   Dev-AnimPhys (29E575DD-E0A3-4627-9D10-D276232CDCEA): 17
LogDevObjectVersion:   Dev-Anim (AF43A65D-7FD3-4947-9873-3E8ED9C1BB05): 7
LogDevObjectVersion:   Dev-ReflectionCapture (6B266CEC-1EC7-4B8F-A30B-E4D90942FC07): 1
LogDevObjectVersion:   Dev-Automation (0DF73D61-A23F-47EA-B727-89E90C41499A): 1
LogDevObjectVersion:   FortniteMain (601D1886-AC64-4F84-AA16-D3DE0DEAC7D6): 31
LogDevObjectVersion:   Dev-Enterprise (9DFFBCD6-494F-0158-E221-12823C92A888): 10
LogDevObjectVersion:   Dev-Niagara (F2AED0AC-9AFE-416F-8664-AA7FFA26D6FC): 1
LogDevObjectVersion:   Dev-Destruction (174F1F0B-B4C6-45A5-B13F-2EE8D0FB917D): 10
LogDevObjectVersion:   Dev-Physics-Ext (35F94A83-E258-406C-A318-09F59610247C): 37
LogDevObjectVersion:   Dev-PhysicsMaterial-Chaos (B68FC16E-8B1B-42E2-B453-215C058844FE): 1
LogDevObjectVersion:   Dev-CineCamera (B2E18506-4273-CFC2-A54E-F4BB758BBA07): 1
LogInit: Presizing for max 25165824 objects, including 0 objects not considered by GC, pre-allocating 0 bytes for permanent pool.
LogConfig: Applying CVar settings from Section [/Script/Engine.StreamingSettings] File [C:/Users/engdep/Desktop/HttpSample/Saved/Config/Windows/Engine.ini]
LogConfig: Setting CVar [[s.MinBulkDataSizeForAsyncLoading:131072]]
LogConfig: Setting CVar [[s.AsyncLoadingThreadEnabled:0]]
LogConfig: Setting CVar [[s.EventDrivenLoaderEnabled:1]]
LogConfig: Setting CVar [[s.WarnIfTimeLimitExceeded:0]]
LogConfig: Setting CVar [[s.TimeLimitExceededMultiplier:1.5]]
LogConfig: Setting CVar [[s.TimeLimitExceededMinTime:0.005]]
LogConfig: Setting CVar [[s.UseBackgroundLevelStreaming:1]]
LogConfig: Setting CVar [[s.PriorityAsyncLoadingExtraTime:15.0]]
LogConfig: Setting CVar [[s.LevelStreamingActorsUpdateTimeLimit:5.0]]
LogConfig: Setting CVar [[s.PriorityLevelStreamingActorsUpdateExtraTime:5.0]]
LogConfig: Setting CVar [[s.LevelStreamingComponentsRegistrationGranularity:10]]
LogConfig: Setting CVar [[s.UnregisterComponentsTimeLimit:1.0]]
LogConfig: Setting CVar [[s.LevelStreamingComponentsUnregistrationGranularity:5]]
LogConfig: Setting CVar [[s.FlushStreamingOnExit:1]]
LogInit: Object subsystem initialized
LogConfig: Setting CVar [[con.DebugEarlyDefault:1]]
LogConfig: Setting CVar [[r.setres:1280x720]]
[2021.06.21-08.16.25:669][  0]LogConfig: Setting CVar [[r.VSync:0]]
[2021.06.21-08.16.25:669][  0]LogConfig: Setting CVar [[r.RHICmdBypass:0]]
[2021.06.21-08.16.25:669][  0]LogConfig: Applying CVar settings from Section [/Script/Engine.RendererSettings] File [C:/Users/engdep/Desktop/HttpSample/Saved/Config/Windows/Engine.ini]
[2021.06.21-08.16.25:669][  0]LogConfig: Setting CVar [[r.GPUCrashDebugging:0]]
[2021.06.21-08.16.25:669][  0]LogConfig: Applying CVar settings from Section [/Script/Engine.RendererOverrideSettings] File [C:/Users/engdep/Desktop/HttpSample/Saved/Config/Windows/Engine.ini]
[2021.06.21-08.16.25:669][  0]LogConfig: Applying CVar settings from Section [/Script/Engine.StreamingSettings] File [C:/Users/engdep/Desktop/HttpSample/Saved/Config/Windows/Engine.ini]
[2021.06.21-08.16.25:669][  0]LogConfig: Setting CVar [[s.MinBulkDataSizeForAsyncLoading:131072]]
[2021.06.21-08.16.25:669][  0]LogConfig: Setting CVar [[s.AsyncLoadingThreadEnabled:0]]
[2021.06.21-08.16.25:669][  0]LogConfig: Setting CVar [[s.EventDrivenLoaderEnabled:1]]
[2021.06.21-08.16.25:669][  0]LogConfig: Setting CVar [[s.WarnIfTimeLimitExceeded:0]]
[2021.06.21-08.16.25:669][  0]LogConfig: Setting CVar [[s.TimeLimitExceededMultiplier:1.5]]
[2021.06.21-08.16.25:669][  0]LogConfig: Setting CVar [[s.TimeLimitExceededMinTime:0.005]]
[2021.06.21-08.16.25:669][  0]LogConfig: Setting CVar [[s.UseBackgroundLevelStreaming:1]]
[2021.06.21-08.16.25:669][  0]LogConfig: Setting CVar [[s.PriorityAsyncLoadingExtraTime:15.0]]
[2021.06.21-08.16.25:669][  0]LogConfig: Setting CVar [[s.LevelStreamingActorsUpdateTimeLimit:5.0]]
[2021.06.21-08.16.25:669][  0]LogConfig: Setting CVar [[s.PriorityLevelStreamingActorsUpdateExtraTime:5.0]]
[2021.06.21-08.16.25:669][  0]LogConfig: Setting CVar [[s.LevelStreamingComponentsRegistrationGranularity:10]]
[2021.06.21-08.16.25:669][  0]LogConfig: Setting CVar [[s.UnregisterComponentsTimeLimit:1.0]]
[2021.06.21-08.16.25:669][  0]LogConfig: Setting CVar [[s.LevelStreamingComponentsUnregistrationGranularity:5]]
[2021.06.21-08.16.25:669][  0]LogConfig: Setting CVar [[s.FlushStreamingOnExit:1]]
[2021.06.21-08.16.25:669][  0]LogConfig: Applying CVar settings from Section [/Script/Engine.GarbageCollectionSettings] File [C:/Users/engdep/Desktop/HttpSample/Saved/Config/Windows/Engine.ini]
[2021.06.21-08.16.25:669][  0]LogConfig: Setting CVar [[gc.MaxObjectsNotConsideredByGC:1]]
[2021.06.21-08.16.25:669][  0]LogConfig: Setting CVar [[gc.SizeOfPermanentObjectPool:0]]
[2021.06.21-08.16.25:669][  0]LogConfig: Setting CVar [[gc.FlushStreamingOnGC:0]]
[2021.06.21-08.16.25:669][  0]LogConfig: Setting CVar [[gc.NumRetriesBeforeForcingGC:10]]
[2021.06.21-08.16.25:669][  0]LogConfig: Setting CVar [[gc.AllowParallelGC:1]]
[2021.06.21-08.16.25:669][  0]LogConfig: Setting CVar [[gc.TimeBetweenPurgingPendingKillObjects:61.1]]
[2021.06.21-08.16.25:669][  0]LogConfig: Setting CVar [[gc.MaxObjectsInEditor:25165824]]
[2021.06.21-08.16.25:669][  0]LogConfig: Setting CVar [[gc.IncrementalBeginDestroyEnabled:1]]
[2021.06.21-08.16.25:669][  0]LogConfig: Setting CVar [[gc.CreateGCClusters:1]]
[2021.06.21-08.16.25:669][  0]LogConfig: Setting CVar [[gc.MinGCClusterSize:5]]
[2021.06.21-08.16.25:669][  0]LogConfig: Setting CVar [[gc.ActorClusteringEnabled:0]]
[2021.06.21-08.16.25:669][  0]LogConfig: Setting CVar [[gc.BlueprintClusteringEnabled:0]]
[2021.06.21-08.16.25:669][  0]LogConfig: Setting CVar [[gc.UseDisregardForGCOnDedicatedServers:0]]
[2021.06.21-08.16.25:669][  0]LogConfig: Applying CVar settings from Section [/Script/Engine.NetworkSettings] File [C:/Users/engdep/Desktop/HttpSample/Saved/Config/Windows/Engine.ini]
[2021.06.21-08.16.25:669][  0]LogConfig: Applying CVar settings from Section [/Script/UnrealEd.CookerSettings] File [C:/Users/engdep/Desktop/HttpSample/Saved/Config/Windows/Engine.ini]
[2021.06.21-08.16.25:672][  0]LogConfig: Applying CVar settings from Section [ViewDistanceQuality@3] File [C:/Users/engdep/Desktop/HttpSample/Saved/Config/Windows/Scalability.ini]
[2021.06.21-08.16.25:672][  0]LogConfig: Setting CVar [[r.SkeletalMeshLODBias:0]]
[2021.06.21-08.16.25:672][  0]LogConfig: Setting CVar [[r.ViewDistanceScale:1.0]]
[2021.06.21-08.16.25:672][  0]LogConfig: Applying CVar settings from Section [AntiAliasingQuality@3] File [C:/Users/engdep/Desktop/HttpSample/Saved/Config/Windows/Scalability.ini]
[2021.06.21-08.16.25:672][  0]LogConfig: Setting CVar [[r.PostProcessAAQuality:4]]
[2021.06.21-08.16.25:672][  0]LogConfig: Applying CVar settings from Section [ShadowQuality@3] File [C:/Users/engdep/Desktop/HttpSample/Saved/Config/Windows/Scalability.ini]
[2021.06.21-08.16.25:672][  0]LogConfig: Setting CVar [[r.LightFunctionQuality:1]]
[2021.06.21-08.16.25:672][  0]LogConfig: Setting CVar [[r.ShadowQuality:5]]
[2021.06.21-08.16.25:672][  0]LogConfig: Setting CVar [[r.Shadow.CSM.MaxCascades:10]]
[2021.06.21-08.16.25:672][  0]LogConfig: Setting CVar [[r.Shadow.MaxResolution:2048]]
[2021.06.21-08.16.25:672][  0]LogConfig: Setting CVar [[r.Shadow.MaxCSMResolution:2048]]
[2021.06.21-08.16.25:672][  0]LogConfig: Setting CVar [[r.Shadow.RadiusThreshold:0.01]]
[2021.06.21-08.16.25:672][  0]LogConfig: Setting CVar [[r.Shadow.DistanceScale:1.0]]
[2021.06.21-08.16.25:672][  0]LogConfig: Setting CVar [[r.Shadow.CSM.TransitionScale:1.0]]
[2021.06.21-08.16.25:672][  0]LogConfig: Setting CVar [[r.Shadow.PreShadowResolutionFactor:1.0]]
[2021.06.21-08.16.25:672][  0]LogConfig: Setting CVar [[r.DistanceFieldShadowing:1]]
[2021.06.21-08.16.25:672][  0]LogConfig: Setting CVar [[r.DistanceFieldAO:1]]
[2021.06.21-08.16.25:672][  0]LogConfig: Setting CVar [[r.AOQuality:2]]
[2021.06.21-08.16.25:672][  0]LogConfig: Setting CVar [[r.VolumetricFog:1]]
[2021.06.21-08.16.25:672][  0]LogConfig: Setting CVar [[r.VolumetricFog.GridPixelSize:8]]
[2021.06.21-08.16.25:672][  0]LogConfig: Setting CVar [[r.VolumetricFog.GridSizeZ:128]]
[2021.06.21-08.16.25:672][  0]LogConfig: Setting CVar [[r.VolumetricFog.HistoryMissSupersampleCount:4]]
[2021.06.21-08.16.25:672][  0]LogConfig: Setting CVar [[r.LightMaxDrawDistanceScale:1]]
[2021.06.21-08.16.25:672][  0]LogConfig: Setting CVar [[r.CapsuleShadows:1]]
[2021.06.21-08.16.25:672][  0]LogConfig: Applying CVar settings from Section [PostProcessQuality@3] File [C:/Users/engdep/Desktop/HttpSample/Saved/Config/Windows/Scalability.ini]
[2021.06.21-08.16.25:672][  0]LogConfig: Setting CVar [[r.MotionBlurQuality:4]]
[2021.06.21-08.16.25:672][  0]LogConfig: Setting CVar [[r.AmbientOcclusionMipLevelFactor:0.4]]
[2021.06.21-08.16.25:672][  0]LogConfig: Setting CVar [[r.AmbientOcclusionMaxQuality:100]]
[2021.06.21-08.16.25:672][  0]LogConfig: Setting CVar [[r.AmbientOcclusionLevels:-1]]
[2021.06.21-08.16.25:672][  0]LogConfig: Setting CVar [[r.AmbientOcclusionRadiusScale:1.0]]
[2021.06.21-08.16.25:672][  0]LogConfig: Setting CVar [[r.DepthOfFieldQuality:2]]
[2021.06.21-08.16.25:672][  0]LogConfig: Setting CVar [[r.RenderTargetPoolMin:400]]
[2021.06.21-08.16.25:672][  0]LogConfig: Setting CVar [[r.LensFlareQuality:2]]
[2021.06.21-08.16.25:672][  0]LogConfig: Setting CVar [[r.SceneColorFringeQuality:1]]
[2021.06.21-08.16.25:672][  0]LogConfig: Setting CVar [[r.EyeAdaptationQuality:2]]
[2021.06.21-08.16.25:672][  0]LogConfig: Setting CVar [[r.BloomQuality:5]]
[2021.06.21-08.16.25:672][  0]LogConfig: Setting CVar [[r.FastBlurThreshold:100]]
[2021.06.21-08.16.25:672][  0]LogConfig: Setting CVar [[r.Upscale.Quality:3]]
[2021.06.21-08.16.25:672][  0]LogConfig: Setting CVar [[r.Tonemapper.GrainQuantization:1]]
[2021.06.21-08.16.25:672][  0]LogConfig: Setting CVar [[r.LightShaftQuality:1]]
[2021.06.21-08.16.25:672][  0]LogConfig: Setting CVar [[r.Filter.SizeScale:1]]
[2021.06.21-08.16.25:672][  0]LogConfig: Setting CVar [[r.Tonemapper.Quality:5]]
[2021.06.21-08.16.25:672][  0]LogConfig: Setting CVar [[r.DOF.Gather.AccumulatorQuality:1        ; higher gathering accumulator quality]]
[2021.06.21-08.16.25:672][  0]LogConfig: Setting CVar [[r.DOF.Gather.PostfilterMethod:1          ; Median3x3 postfilering method]]
[2021.06.21-08.16.25:672][  0]LogConfig: Setting CVar [[r.DOF.Gather.EnableBokehSettings:0       ; no bokeh simulation when gathering]]
[2021.06.21-08.16.25:672][  0]LogConfig: Setting CVar [[r.DOF.Gather.RingCount:4                 ; medium number of samples when gathering]]
[2021.06.21-08.16.25:672][  0]LogConfig: Setting CVar [[r.DOF.Scatter.ForegroundCompositing:1    ; additive foreground scattering]]
[2021.06.21-08.16.25:672][  0]LogConfig: Setting CVar [[r.DOF.Scatter.BackgroundCompositing:2    ; additive background scattering]]
[2021.06.21-08.16.25:672][  0]LogConfig: Setting CVar [[r.DOF.Scatter.EnableBokehSettings:1      ; bokeh simulation when scattering]]
[2021.06.21-08.16.25:672][  0]LogConfig: Setting CVar [[r.DOF.Scatter.MaxSpriteRatio:0.1         ; only a maximum of 10% of scattered bokeh]]
[2021.06.21-08.16.25:672][  0]LogConfig: Setting CVar [[r.DOF.Recombine.Quality:1                ; cheap slight out of focus]]
[2021.06.21-08.16.25:672][  0]LogConfig: Setting CVar [[r.DOF.Recombine.EnableBokehSettings:0    ; no bokeh simulation on slight out of focus]]
[2021.06.21-08.16.25:672][  0]LogConfig: Setting CVar [[r.DOF.TemporalAAQuality:1                ; more stable temporal accumulation]]
[2021.06.21-08.16.25:672][  0]LogConfig: Setting CVar [[r.DOF.Kernel.MaxForegroundRadius:0.025]]
[2021.06.21-08.16.25:672][  0]LogConfig: Setting CVar [[r.DOF.Kernel.MaxBackgroundRadius:0.025]]
[2021.06.21-08.16.25:672][  0]LogConfig: Applying CVar settings from Section [TextureQuality@3] File [C:/Users/engdep/Desktop/HttpSample/Saved/Config/Windows/Scalability.ini]
[2021.06.21-08.16.25:672][  0]LogConfig: Setting CVar [[r.Streaming.MipBias:0]]
[2021.06.21-08.16.25:672][  0]LogConfig: Setting CVar [[r.Streaming.AmortizeCPUToGPUCopy:0]]
[2021.06.21-08.16.25:672][  0]LogConfig: Setting CVar [[r.Streaming.MaxNumTexturesToStreamPerFrame:0]]
[2021.06.21-08.16.25:672][  0]LogConfig: Setting CVar [[r.Streaming.Boost:1]]
[2021.06.21-08.16.25:672][  0]LogConfig: Setting CVar [[r.MaxAnisotropy:8]]
[2021.06.21-08.16.25:672][  0]LogConfig: Setting CVar [[r.VT.MaxAnisotropy:8]]
[2021.06.21-08.16.25:672][  0]LogConfig: Setting CVar [[r.Streaming.LimitPoolSizeToVRAM:0]]
[2021.06.21-08.16.25:672][  0]LogConfig: Setting CVar [[r.Streaming.PoolSize:1000]]
[2021.06.21-08.16.25:672][  0]LogConfig: Setting CVar [[r.Streaming.MaxEffectiveScreenSize:0]]
[2021.06.21-08.16.25:672][  0]LogConfig: Applying CVar settings from Section [EffectsQuality@3] File [C:/Users/engdep/Desktop/HttpSample/Saved/Config/Windows/Scalability.ini]
[2021.06.21-08.16.25:672][  0]LogConfig: Setting CVar [[r.TranslucencyLightingVolumeDim:64]]
[2021.06.21-08.16.25:672][  0]LogConfig: Setting CVar [[r.RefractionQuality:2]]
[2021.06.21-08.16.25:672][  0]LogConfig: Setting CVar [[r.SSR.Quality:3]]
[2021.06.21-08.16.25:672][  0]LogConfig: Setting CVar [[r.SSR.HalfResSceneColor:0]]
[2021.06.21-08.16.25:672][  0]LogConfig: Setting CVar [[r.SceneColorFormat:4]]
[2021.06.21-08.16.25:672][  0]LogConfig: Setting CVar [[r.DetailMode:2]]
[2021.06.21-08.16.25:672][  0]LogConfig: Setting CVar [[r.TranslucencyVolumeBlur:1]]
[2021.06.21-08.16.25:672][  0]LogConfig: Setting CVar [[r.MaterialQualityLevel:1 ; High quality]]
[2021.06.21-08.16.25:672][  0]LogConfig: Setting CVar [[r.SSS.Scale:1]]
[2021.06.21-08.16.25:672][  0]LogConfig: Setting CVar [[r.SSS.SampleSet:2]]
[2021.06.21-08.16.25:672][  0]LogConfig: Setting CVar [[r.SSS.Quality:1]]
[2021.06.21-08.16.25:672][  0]LogConfig: Setting CVar [[r.SSS.HalfRes:0]]
[2021.06.21-08.16.25:672][  0]LogConfig: Setting CVar [[r.SSGI.Quality:3]]
[2021.06.21-08.16.25:672][  0]LogConfig: Setting CVar [[r.EmitterSpawnRateScale:1.0]]
[2021.06.21-08.16.25:672][  0]LogConfig: Setting CVar [[r.ParticleLightQuality:2]]
[2021.06.21-08.16.25:672][  0]LogConfig: Setting CVar [[r.SkyAtmosphere.AerialPerspectiveLUT.FastApplyOnOpaque:1 ; Always have FastSkyLUT 1 in this case to avoid wrong sky]]
[2021.06.21-08.16.25:673][  0]LogConfig: Setting CVar [[r.SkyAtmosphere.AerialPerspectiveLUT.SampleCountPerSlice:1]]
[2021.06.21-08.16.25:673][  0]LogConfig: Setting CVar [[r.SkyAtmosphere.AerialPerspectiveLUT.DepthResolution:16.0]]
[2021.06.21-08.16.25:673][  0]LogConfig: Setting CVar [[r.SkyAtmosphere.FastSkyLUT:1]]
[2021.06.21-08.16.25:673][  0]LogConfig: Setting CVar [[r.SkyAtmosphere.FastSkyLUT.SampleCountMin:4.0]]
[2021.06.21-08.16.25:673][  0]LogConfig: Setting CVar [[r.SkyAtmosphere.FastSkyLUT.SampleCountMax:32.0]]
[2021.06.21-08.16.25:673][  0]LogConfig: Setting CVar [[r.SkyAtmosphere.SampleCountMin:4.0]]
[2021.06.21-08.16.25:673][  0]LogConfig: Setting CVar [[r.SkyAtmosphere.SampleCountMax:32.0]]
[2021.06.21-08.16.25:673][  0]LogConfig: Setting CVar [[r.SkyAtmosphere.TransmittanceLUT.UseSmallFormat:0]]
[2021.06.21-08.16.25:673][  0]LogConfig: Setting CVar [[r.SkyAtmosphere.TransmittanceLUT.SampleCount:10.0]]
[2021.06.21-08.16.25:673][  0]LogConfig: Setting CVar [[r.SkyAtmosphere.MultiScatteringLUT.SampleCount:15.0]]
[2021.06.21-08.16.25:673][  0]LogConfig: Applying CVar settings from Section [FoliageQuality@3] File [C:/Users/engdep/Desktop/HttpSample/Saved/Config/Windows/Scalability.ini]
[2021.06.21-08.16.25:673][  0]LogConfig: Setting CVar [[foliage.DensityScale:1.0]]
[2021.06.21-08.16.25:673][  0]LogConfig: Setting CVar [[grass.DensityScale:1.0]]
[2021.06.21-08.16.25:673][  0]LogConfig: Applying CVar settings from Section [ShadingQuality@3] File [C:/Users/engdep/Desktop/HttpSample/Saved/Config/Windows/Scalability.ini]
[2021.06.21-08.16.25:673][  0]LogConfig: Setting CVar [[r.HairStrands.SkyLighting.SampleCount:16]]
[2021.06.21-08.16.25:673][  0]LogConfig: Setting CVar [[r.HairStrands.SkyLighting.JitterIntegration:0]]
[2021.06.21-08.16.25:673][  0]LogConfig: Setting CVar [[r.HairStrands.SkyAO.SampleCount:16]]
[2021.06.21-08.16.25:673][  0]LogConfig: Setting CVar [[r.HairStrands.DeepShadow.SuperSampling:0]]
[2021.06.21-08.16.25:673][  0]LogConfig: Setting CVar [[r.HairStrands.VisibilityPPLL:0]]
[2021.06.21-08.16.25:673][  0]LogConfig: Setting CVar [[r.HairStrands.RasterizationScale:0.5]]
[2021.06.21-08.16.25:673][  0]LogConfig: Setting CVar [[r.HairStrands.VelocityRasterizationScale:1]]
[2021.06.21-08.16.25:673][  0]LogInit: Selected Device Profile: [Windows]
[2021.06.21-08.16.25:673][  0]LogInit: Applying CVar settings loaded from the selected device profile: [Windows]
[2021.06.21-08.16.25:673][  0]LogHAL: Display: Platform has ~ 16 GB [17073315840 / 17179869184 / 16], which maps to Larger [LargestMinGB=32, LargerMinGB=12, DefaultMinGB=8, SmallerMinGB=6, SmallestMinGB=0)
[2021.06.21-08.16.25:673][  0]LogInit: Going up to parent DeviceProfile []
[2021.06.21-08.16.25:673][  0]LogConfig: Applying CVar settings from Section [ViewDistanceQuality@3] File [C:/Users/engdep/Desktop/HttpSample/Saved/Config/Windows/Scalability.ini]
[2021.06.21-08.16.25:673][  0]LogConfig: Setting CVar [[r.SkeletalMeshLODBias:0]]
[2021.06.21-08.16.25:673][  0]LogConfig: Setting CVar [[r.ViewDistanceScale:1.0]]
[2021.06.21-08.16.25:673][  0]LogConfig: Applying CVar settings from Section [AntiAliasingQuality@3] File [C:/Users/engdep/Desktop/HttpSample/Saved/Config/Windows/Scalability.ini]
[2021.06.21-08.16.25:673][  0]LogConfig: Setting CVar [[r.PostProcessAAQuality:4]]
[2021.06.21-08.16.25:673][  0]LogConfig: Applying CVar settings from Section [ShadowQuality@3] File [C:/Users/engdep/Desktop/HttpSample/Saved/Config/Windows/Scalability.ini]
[2021.06.21-08.16.25:673][  0]LogConfig: Setting CVar [[r.LightFunctionQuality:1]]
[2021.06.21-08.16.25:673][  0]LogConfig: Setting CVar [[r.ShadowQuality:5]]
[2021.06.21-08.16.25:673][  0]LogConfig: Setting CVar [[r.Shadow.CSM.MaxCascades:10]]
[2021.06.21-08.16.25:673][  0]LogConfig: Setting CVar [[r.Shadow.MaxResolution:2048]]
[2021.06.21-08.16.25:673][  0]LogConfig: Setting CVar [[r.Shadow.MaxCSMResolution:2048]]
[2021.06.21-08.16.25:673][  0]LogConfig: Setting CVar [[r.Shadow.RadiusThreshold:0.01]]
[2021.06.21-08.16.25:673][  0]LogConfig: Setting CVar [[r.Shadow.DistanceScale:1.0]]
[2021.06.21-08.16.25:673][  0]LogConfig: Setting CVar [[r.Shadow.CSM.TransitionScale:1.0]]
[2021.06.21-08.16.25:673][  0]LogConfig: Setting CVar [[r.Shadow.PreShadowResolutionFactor:1.0]]
[2021.06.21-08.16.25:673][  0]LogConfig: Setting CVar [[r.DistanceFieldShadowing:1]]
[2021.06.21-08.16.25:673][  0]LogConfig: Setting CVar [[r.DistanceFieldAO:1]]
[2021.06.21-08.16.25:673][  0]LogConfig: Setting CVar [[r.AOQuality:2]]
[2021.06.21-08.16.25:673][  0]LogConfig: Setting CVar [[r.VolumetricFog:1]]
[2021.06.21-08.16.25:673][  0]LogConfig: Setting CVar [[r.VolumetricFog.GridPixelSize:8]]
[2021.06.21-08.16.25:673][  0]LogConfig: Setting CVar [[r.VolumetricFog.GridSizeZ:128]]
[2021.06.21-08.16.25:673][  0]LogConfig: Setting CVar [[r.VolumetricFog.HistoryMissSupersampleCount:4]]
[2021.06.21-08.16.25:673][  0]LogConfig: Setting CVar [[r.LightMaxDrawDistanceScale:1]]
[2021.06.21-08.16.25:673][  0]LogConfig: Setting CVar [[r.CapsuleShadows:1]]
[2021.06.21-08.16.25:673][  0]LogConfig: Applying CVar settings from Section [PostProcessQuality@3] File [C:/Users/engdep/Desktop/HttpSample/Saved/Config/Windows/Scalability.ini]
[2021.06.21-08.16.25:673][  0]LogConfig: Setting CVar [[r.MotionBlurQuality:4]]
[2021.06.21-08.16.25:673][  0]LogConfig: Setting CVar [[r.AmbientOcclusionMipLevelFactor:0.4]]
[2021.06.21-08.16.25:673][  0]LogConfig: Setting CVar [[r.AmbientOcclusionMaxQuality:100]]
[2021.06.21-08.16.25:673][  0]LogConfig: Setting CVar [[r.AmbientOcclusionLevels:-1]]
[2021.06.21-08.16.25:673][  0]LogConfig: Setting CVar [[r.AmbientOcclusionRadiusScale:1.0]]
[2021.06.21-08.16.25:673][  0]LogConfig: Setting CVar [[r.DepthOfFieldQuality:2]]
[2021.06.21-08.16.25:673][  0]LogConfig: Setting CVar [[r.RenderTargetPoolMin:400]]
[2021.06.21-08.16.25:673][  0]LogConfig: Setting CVar [[r.LensFlareQuality:2]]
[2021.06.21-08.16.25:673][  0]LogConfig: Setting CVar [[r.SceneColorFringeQuality:1]]
[2021.06.21-08.16.25:673][  0]LogConfig: Setting CVar [[r.EyeAdaptationQuality:2]]
[2021.06.21-08.16.25:673][  0]LogConfig: Setting CVar [[r.BloomQuality:5]]
[2021.06.21-08.16.25:673][  0]LogConfig: Setting CVar [[r.FastBlurThreshold:100]]
[2021.06.21-08.16.25:673][  0]LogConfig: Setting CVar [[r.Upscale.Quality:3]]
[2021.06.21-08.16.25:673][  0]LogConfig: Setting CVar [[r.Tonemapper.GrainQuantization:1]]
[2021.06.21-08.16.25:673][  0]LogConfig: Setting CVar [[r.LightShaftQuality:1]]
[2021.06.21-08.16.25:673][  0]LogConfig: Setting CVar [[r.Filter.SizeScale:1]]
[2021.06.21-08.16.25:673][  0]LogConfig: Setting CVar [[r.Tonemapper.Quality:5]]
[2021.06.21-08.16.25:673][  0]LogConfig: Setting CVar [[r.DOF.Gather.AccumulatorQuality:1        ; higher gathering accumulator quality]]
[2021.06.21-08.16.25:673][  0]LogConfig: Setting CVar [[r.DOF.Gather.PostfilterMethod:1          ; Median3x3 postfilering method]]
[2021.06.21-08.16.25:673][  0]LogConfig: Setting CVar [[r.DOF.Gather.EnableBokehSettings:0       ; no bokeh simulation when gathering]]
[2021.06.21-08.16.25:673][  0]LogConfig: Setting CVar [[r.DOF.Gather.RingCount:4                 ; medium number of samples when gathering]]
[2021.06.21-08.16.25:673][  0]LogConfig: Setting CVar [[r.DOF.Scatter.ForegroundCompositing:1    ; additive foreground scattering]]
[2021.06.21-08.16.25:673][  0]LogConfig: Setting CVar [[r.DOF.Scatter.BackgroundCompositing:2    ; additive background scattering]]
[2021.06.21-08.16.25:673][  0]LogConfig: Setting CVar [[r.DOF.Scatter.EnableBokehSettings:1      ; bokeh simulation when scattering]]
[2021.06.21-08.16.25:673][  0]LogConfig: Setting CVar [[r.DOF.Scatter.MaxSpriteRatio:0.1         ; only a maximum of 10% of scattered bokeh]]
[2021.06.21-08.16.25:673][  0]LogConfig: Setting CVar [[r.DOF.Recombine.Quality:1                ; cheap slight out of focus]]
[2021.06.21-08.16.25:673][  0]LogConfig: Setting CVar [[r.DOF.Recombine.EnableBokehSettings:0    ; no bokeh simulation on slight out of focus]]
[2021.06.21-08.16.25:673][  0]LogConfig: Setting CVar [[r.DOF.TemporalAAQuality:1                ; more stable temporal accumulation]]
[2021.06.21-08.16.25:673][  0]LogConfig: Setting CVar [[r.DOF.Kernel.MaxForegroundRadius:0.025]]
[2021.06.21-08.16.25:673][  0]LogConfig: Setting CVar [[r.DOF.Kernel.MaxBackgroundRadius:0.025]]
[2021.06.21-08.16.25:673][  0]LogConfig: Applying CVar settings from Section [TextureQuality@3] File [C:/Users/engdep/Desktop/HttpSample/Saved/Config/Windows/Scalability.ini]
[2021.06.21-08.16.25:673][  0]LogConfig: Setting CVar [[r.Streaming.MipBias:0]]
[2021.06.21-08.16.25:673][  0]LogConfig: Setting CVar [[r.Streaming.AmortizeCPUToGPUCopy:0]]
[2021.06.21-08.16.25:673][  0]LogConfig: Setting CVar [[r.Streaming.MaxNumTexturesToStreamPerFrame:0]]
[2021.06.21-08.16.25:673][  0]LogConfig: Setting CVar [[r.Streaming.Boost:1]]
[2021.06.21-08.16.25:673][  0]LogConfig: Setting CVar [[r.MaxAnisotropy:8]]
[2021.06.21-08.16.25:673][  0]LogConfig: Setting CVar [[r.VT.MaxAnisotropy:8]]
[2021.06.21-08.16.25:673][  0]LogConfig: Setting CVar [[r.Streaming.LimitPoolSizeToVRAM:0]]
[2021.06.21-08.16.25:673][  0]LogConfig: Setting CVar [[r.Streaming.PoolSize:1000]]
[2021.06.21-08.16.25:673][  0]LogConfig: Setting CVar [[r.Streaming.MaxEffectiveScreenSize:0]]
[2021.06.21-08.16.25:673][  0]LogConfig: Applying CVar settings from Section [EffectsQuality@3] File [C:/Users/engdep/Desktop/HttpSample/Saved/Config/Windows/Scalability.ini]
[2021.06.21-08.16.25:673][  0]LogConfig: Setting CVar [[r.TranslucencyLightingVolumeDim:64]]
[2021.06.21-08.16.25:673][  0]LogConfig: Setting CVar [[r.RefractionQuality:2]]
[2021.06.21-08.16.25:673][  0]LogConfig: Setting CVar [[r.SSR.Quality:3]]
[2021.06.21-08.16.25:673][  0]LogConfig: Setting CVar [[r.SSR.HalfResSceneColor:0]]
[2021.06.21-08.16.25:673][  0]LogConfig: Setting CVar [[r.SceneColorFormat:4]]
[2021.06.21-08.16.25:673][  0]LogConfig: Setting CVar [[r.DetailMode:2]]
[2021.06.21-08.16.25:673][  0]LogConfig: Setting CVar [[r.TranslucencyVolumeBlur:1]]
[2021.06.21-08.16.25:673][  0]LogConfig: Setting CVar [[r.MaterialQualityLevel:1 ; High quality]]
[2021.06.21-08.16.25:673][  0]LogConfig: Setting CVar [[r.SSS.Scale:1]]
[2021.06.21-08.16.25:673][  0]LogConfig: Setting CVar [[r.SSS.SampleSet:2]]
[2021.06.21-08.16.25:673][  0]LogConfig: Setting CVar [[r.SSS.Quality:1]]
[2021.06.21-08.16.25:673][  0]LogConfig: Setting CVar [[r.SSS.HalfRes:0]]
[2021.06.21-08.16.25:673][  0]LogConfig: Setting CVar [[r.SSGI.Quality:3]]
[2021.06.21-08.16.25:673][  0]LogConfig: Setting CVar [[r.EmitterSpawnRateScale:1.0]]
[2021.06.21-08.16.25:673][  0]LogConfig: Setting CVar [[r.ParticleLightQuality:2]]
[2021.06.21-08.16.25:673][  0]LogConfig: Setting CVar [[r.SkyAtmosphere.AerialPerspectiveLUT.FastApplyOnOpaque:1 ; Always have FastSkyLUT 1 in this case to avoid wrong sky]]
[2021.06.21-08.16.25:673][  0]LogConfig: Setting CVar [[r.SkyAtmosphere.AerialPerspectiveLUT.SampleCountPerSlice:1]]
[2021.06.21-08.16.25:673][  0]LogConfig: Setting CVar [[r.SkyAtmosphere.AerialPerspectiveLUT.DepthResolution:16.0]]
[2021.06.21-08.16.25:673][  0]LogConfig: Setting CVar [[r.SkyAtmosphere.FastSkyLUT:1]]
[2021.06.21-08.16.25:673][  0]LogConfig: Setting CVar [[r.SkyAtmosphere.FastSkyLUT.SampleCountMin:4.0]]
[2021.06.21-08.16.25:673][  0]LogConfig: Setting CVar [[r.SkyAtmosphere.FastSkyLUT.SampleCountMax:32.0]]
[2021.06.21-08.16.25:673][  0]LogConfig: Setting CVar [[r.SkyAtmosphere.SampleCountMin:4.0]]
[2021.06.21-08.16.25:673][  0]LogConfig: Setting CVar [[r.SkyAtmosphere.SampleCountMax:32.0]]
[2021.06.21-08.16.25:673][  0]LogConfig: Setting CVar [[r.SkyAtmosphere.TransmittanceLUT.UseSmallFormat:0]]
[2021.06.21-08.16.25:673][  0]LogConfig: Setting CVar [[r.SkyAtmosphere.TransmittanceLUT.SampleCount:10.0]]
[2021.06.21-08.16.25:673][  0]LogConfig: Setting CVar [[r.SkyAtmosphere.MultiScatteringLUT.SampleCount:15.0]]
[2021.06.21-08.16.25:673][  0]LogConfig: Applying CVar settings from Section [FoliageQuality@3] File [C:/Users/engdep/Desktop/HttpSample/Saved/Config/Windows/Scalability.ini]
[2021.06.21-08.16.25:673][  0]LogConfig: Setting CVar [[foliage.DensityScale:1.0]]
[2021.06.21-08.16.25:673][  0]LogConfig: Setting CVar [[grass.DensityScale:1.0]]
[2021.06.21-08.16.25:673][  0]LogConfig: Applying CVar settings from Section [ShadingQuality@3] File [C:/Users/engdep/Desktop/HttpSample/Saved/Config/Windows/Scalability.ini]
[2021.06.21-08.16.25:673][  0]LogConfig: Setting CVar [[r.HairStrands.SkyLighting.SampleCount:16]]
[2021.06.21-08.16.25:673][  0]LogConfig: Setting CVar [[r.HairStrands.SkyLighting.JitterIntegration:0]]
[2021.06.21-08.16.25:673][  0]LogConfig: Setting CVar [[r.HairStrands.SkyAO.SampleCount:16]]
[2021.06.21-08.16.25:673][  0]LogConfig: Setting CVar [[r.HairStrands.DeepShadow.SuperSampling:0]]
[2021.06.21-08.16.25:673][  0]LogConfig: Setting CVar [[r.HairStrands.VisibilityPPLL:0]]
[2021.06.21-08.16.25:673][  0]LogConfig: Setting CVar [[r.HairStrands.RasterizationScale:0.5]]
[2021.06.21-08.16.25:673][  0]LogConfig: Setting CVar [[r.HairStrands.VelocityRasterizationScale:1]]
[2021.06.21-08.16.25:673][  0]LogConfig: Applying CVar settings from Section [Startup] File [../../../Engine/Config/ConsoleVariables.ini]
[2021.06.21-08.16.25:675][  0]LogConfig: Setting CVar [[net.UseAdaptiveNetUpdateFrequency:0]]
[2021.06.21-08.16.25:675][  0]LogConfig: Setting CVar [[p.chaos.AllowCreatePhysxBodies:1]]
[2021.06.21-08.16.25:675][  0]LogConfig: Setting CVar [[fx.SkipVectorVMBackendOptimizations:1]]
[2021.06.21-08.16.25:675][  0]LogConfig: Applying CVar settings from Section [ConsoleVariables] File [C:/Users/engdep/Desktop/HttpSample/Saved/Config/Windows/Engine.ini]
[2021.06.21-08.16.25:675][  0]LogInit: Computer: LAPTOP-1DCG08E9
[2021.06.21-08.16.25:675][  0]LogInit: User: engdep
[2021.06.21-08.16.25:675][  0]LogInit: CPU Page size=4096, Cores=6
[2021.06.21-08.16.25:675][  0]LogInit: High frequency timer resolution =10.000000 MHz
[2021.06.21-08.16.25:675][  0]LogMemory: Memory total: Physical=15.9GB (16GB approx)
[2021.06.21-08.16.25:675][  0]LogMemory: Platform Memory Stats for Windows
[2021.06.21-08.16.25:675][  0]LogMemory: Process Physical Memory: 116.39 MB used, 116.40 MB peak
[2021.06.21-08.16.25:675][  0]LogMemory: Process Virtual Memory: 105.26 MB used, 105.26 MB peak
[2021.06.21-08.16.25:675][  0]LogMemory: Physical Memory: 8952.39 MB used,  7329.99 MB free, 16282.38 MB total
[2021.06.21-08.16.25:675][  0]LogMemory: Virtual Memory: 5174.96 MB used,  134212552.00 MB free, 134217728.00 MB total
[2021.06.21-08.16.25:679][  0]LogWindows: WindowsPlatformFeatures enabled
[2021.06.21-08.16.25:702][  0]LogInit: Physics initialised using underlying interface: PhysX
[2021.06.21-08.16.25:703][  0]LogInit: Overriding language with editor language configuration option (en).
[2021.06.21-08.16.25:703][  0]LogInit: Overriding locale with editor culture configuration option ().
[2021.06.21-08.16.25:703][  0]LogInit: Using OS detected locale (ja-JP).
[2021.06.21-08.16.25:847][  0]LogInit: Setting process to per monitor DPI aware
[2021.06.21-08.16.25:877][  0]LogSlate: New Slate User Created.  User Index 0, Is Virtual User: 0
[2021.06.21-08.16.25:877][  0]LogSlate: Slate User Registered.  User Index 0, Is Virtual User: 0
[2021.06.21-08.16.26:027][  0]LogHMD: Failed to initialize OpenVR with code 110
[2021.06.21-08.16.26:027][  0]LogD3D11RHI: D3D11 min allowed feature level: 11_0
[2021.06.21-08.16.26:027][  0]LogD3D11RHI: D3D11 max allowed feature level: 11_0
[2021.06.21-08.16.26:027][  0]LogD3D11RHI: D3D11 adapters:
[2021.06.21-08.16.26:111][  0]LogD3D11RHI:    0. 'NVIDIA GeForce RTX 2080 with Max-Q Design' (Feature Level 11_0)
[2021.06.21-08.16.26:111][  0]LogD3D11RHI:       8010/0/8141 MB DedicatedVideo/DedicatedSystem/SharedSystem, Outputs:1, VendorId:0x10de
[2021.06.21-08.16.26:129][  0]LogD3D11RHI:    1. 'Intel(R) UHD Graphics 630' (Feature Level 11_0)
[2021.06.21-08.16.26:129][  0]LogD3D11RHI:       128/0/8141 MB DedicatedVideo/DedicatedSystem/SharedSystem, Outputs:0, VendorId:0x8086
[2021.06.21-08.16.26:130][  0]LogD3D11RHI:    2. 'Microsoft Basic Render Driver' (Feature Level 11_0)
[2021.06.21-08.16.26:130][  0]LogD3D11RHI:       0/0/8141 MB DedicatedVideo/DedicatedSystem/SharedSystem, Outputs:0, VendorId:0x1414
[2021.06.21-08.16.26:130][  0]LogD3D11RHI: Chosen D3D11 Adapter: 0
[2021.06.21-08.16.26:167][  0]LogD3D11RHI: Creating new Direct3DDevice
[2021.06.21-08.16.26:167][  0]LogD3D11RHI:     GPU DeviceId: 0x1e90 (for the marketing name, search the web for "GPU Device Id")
[2021.06.21-08.16.26:167][  0]LogWindows: EnumDisplayDevices:
[2021.06.21-08.16.26:167][  0]LogWindows:    0. 'Intel(R) UHD Graphics 630' (P:1 D:1)
[2021.06.21-08.16.26:168][  0]LogWindows:    1. 'Intel(R) UHD Graphics 630' (P:0 D:0)
[2021.06.21-08.16.26:168][  0]LogWindows:    2. 'Intel(R) UHD Graphics 630' (P:0 D:0)
[2021.06.21-08.16.26:168][  0]LogWindows:    3. 'NVIDIA GeForce RTX 2080 with Max-Q Design' (P:0 D:0)
[2021.06.21-08.16.26:168][  0]LogWindows:    4. 'NVIDIA GeForce RTX 2080 with Max-Q Design' (P:0 D:0)
[2021.06.21-08.16.26:168][  0]LogWindows:    5. 'NVIDIA GeForce RTX 2080 with Max-Q Design' (P:0 D:0)
[2021.06.21-08.16.26:169][  0]LogWindows:    6. 'NVIDIA GeForce RTX 2080 with Max-Q Design' (P:0 D:0)
[2021.06.21-08.16.26:169][  0]LogWindows: DebugString: PrimaryIsNotTheChoosenAdapter PrimaryIsNotTheChoosenAdapter PrimaryIsNotTheChoosenAdapter FoundDriverCount:4 
[2021.06.21-08.16.26:169][  0]LogD3D11RHI:     Adapter Name: NVIDIA GeForce RTX 2080 with Max-Q Design
[2021.06.21-08.16.26:169][  0]LogD3D11RHI:   Driver Version: 425.45 (internal:25.21.14.2545, unified:425.45)
[2021.06.21-08.16.26:169][  0]LogD3D11RHI:      Driver Date: 4-23-2019
[2021.06.21-08.16.26:169][  0]LogRHI: Texture pool is 5607 MB (70% of 8010 MB)
[2021.06.21-08.16.26:227][  0]LogD3D11RHI: RHI has support for 64 bit atomics
[2021.06.21-08.16.26:227][  0]LogD3D11RHI: Async texture creation enabled
[2021.06.21-08.16.26:227][  0]LogD3D11RHI: Array index from any shader is supported
[2021.06.21-08.16.26:240][  0]LogD3D11RHI: GPU Timing Frequency: 1000.000000 (Debug: 2 1)
[2021.06.21-08.16.26:501][  0]LogTargetPlatformManager: Display: Loaded TargetPlatform 'AllDesktop'
[2021.06.21-08.16.26:521][  0]LogTargetPlatformManager: Display: Loaded TargetPlatform 'Android'
[2021.06.21-08.16.26:521][  0]LogTargetPlatformManager: Display: Loaded TargetPlatform 'Android_ASTC'
[2021.06.21-08.16.26:521][  0]LogTargetPlatformManager: Display: Loaded TargetPlatform 'Android_DXT'
[2021.06.21-08.16.26:521][  0]LogTargetPlatformManager: Display: Loaded TargetPlatform 'Android_ETC2'
[2021.06.21-08.16.26:521][  0]LogTargetPlatformManager: Display: Loaded TargetPlatform 'AndroidClient'
[2021.06.21-08.16.26:521][  0]LogTargetPlatformManager: Display: Loaded TargetPlatform 'Android_ASTCClient'
[2021.06.21-08.16.26:521][  0]LogTargetPlatformManager: Display: Loaded TargetPlatform 'Android_DXTClient'
[2021.06.21-08.16.26:521][  0]LogTargetPlatformManager: Display: Loaded TargetPlatform 'Android_ETC2Client'
[2021.06.21-08.16.26:521][  0]LogTargetPlatformManager: Display: Loaded TargetPlatform 'Android_Multi'
[2021.06.21-08.16.26:521][  0]LogTargetPlatformManager: Display: Loaded TargetPlatform 'Android_MultiClient'
[2021.06.21-08.16.26:544][  0]LogTargetPlatformManager: Display: Loaded TargetPlatform 'IOSClient'
[2021.06.21-08.16.26:544][  0]LogTargetPlatformManager: Display: Loaded TargetPlatform 'IOS'
[2021.06.21-08.16.26:555][  0]LogTargetPlatformManager: Display: Loaded TargetPlatform 'Linux'
[2021.06.21-08.16.26:564][  0]LogTargetPlatformManager: Display: Loaded TargetPlatform 'LinuxNoEditor'
[2021.06.21-08.16.26:573][  0]LogTargetPlatformManager: Display: Loaded TargetPlatform 'LinuxClient'
[2021.06.21-08.16.26:582][  0]LogTargetPlatformManager: Display: Loaded TargetPlatform 'LinuxServer'
[2021.06.21-08.16.26:591][  0]LogTargetPlatformManager: Display: Loaded TargetPlatform 'LinuxAArch64NoEditor'
[2021.06.21-08.16.26:599][  0]LogTargetPlatformManager: Display: Loaded TargetPlatform 'LinuxAArch64Client'
[2021.06.21-08.16.26:608][  0]LogTargetPlatformManager: Display: Loaded TargetPlatform 'LinuxAArch64Server'
[2021.06.21-08.16.26:635][  0]LogTargetPlatformManager: Display: Loaded TargetPlatform 'Lumin'
[2021.06.21-08.16.26:635][  0]LogTargetPlatformManager: Display: Loaded TargetPlatform 'LuminClient'
[2021.06.21-08.16.26:651][  0]LogTargetPlatformManager: Display: Loaded TargetPlatform 'TVOSClient'
[2021.06.21-08.16.26:651][  0]LogTargetPlatformManager: Display: Loaded TargetPlatform 'TVOS'
[2021.06.21-08.16.26:660][  0]LogTargetPlatformManager: Display: Loaded TargetPlatform 'WindowsNoEditor'
[2021.06.21-08.16.26:670][  0]LogTargetPlatformManager: Display: Loaded TargetPlatform 'Windows'
[2021.06.21-08.16.26:678][  0]LogTargetPlatformManager: Display: Loaded TargetPlatform 'WindowsClient'
[2021.06.21-08.16.26:688][  0]LogTargetPlatformManager: Display: Loaded TargetPlatform 'WindowsServer'
[2021.06.21-08.16.26:688][  0]LogTargetPlatformManager: Display: Building Assets For Windows
[2021.06.21-08.16.26:693][  0]LogAudioDebug: Display: Lib vorbis DLL was dynamically loaded.
[2021.06.21-08.16.26:740][  0]LogShaderCompilers: Guid format shader working directory is -2 characters bigger than the processId version (../../../../../../Users/engdep/Desktop/HttpSample/Intermediate/Shaders/WorkingDirectory/8740/).
[2021.06.21-08.16.26:741][  0]LogShaderCompilers: Cleaned the shader compiler working directory 'C:/Users/engdep/AppData/Local/Temp/UnrealShaderWorkingDir/7123B4924F9A4A9F9B58DDB38A029F73/'.
[2021.06.21-08.16.26:741][  0]LogXGEController: Cleaning working directory: C:/Users/engdep/AppData/Local/Temp/UnrealXGEWorkingDir/
[2021.06.21-08.16.26:741][  0]LogXGEController: Cannot use XGE Controller as Incredibuild is not installed on this machine.
[2021.06.21-08.16.26:741][  0]LogShaderCompilers: Cannot use XGE Shader Compiler as Incredibuild is not installed on this machine.
[2021.06.21-08.16.26:741][  0]LogShaderCompilers: Display: Using Local Shader Compiler.
[2021.06.21-08.16.27:422][  0]LogDerivedDataCache: Display: Max Cache Size: 512 MB
[2021.06.21-08.16.27:467][  0]LogDerivedDataCache: Loaded boot cache 0.04s 76MB C:/Users/engdep/AppData/Local/UnrealEngine/4.25/DerivedDataCache/Boot.ddc.
[2021.06.21-08.16.27:467][  0]LogDerivedDataCache: Display: Loaded Boot cache: C:/Users/engdep/AppData/Local/UnrealEngine/4.25/DerivedDataCache/Boot.ddc
[2021.06.21-08.16.27:467][  0]LogDerivedDataCache: FDerivedDataBackendGraph:  Pak pak cache file ../../../../../../Users/engdep/Desktop/HttpSample/DerivedDataCache/DDC.ddp not found, will not use a pak cache.
[2021.06.21-08.16.27:467][  0]LogDerivedDataCache: Unable to find inner node Pak for hierarchical cache Hierarchy.
[2021.06.21-08.16.27:467][  0]LogDerivedDataCache: FDerivedDataBackendGraph:  CompressedPak pak cache file ../../../../../../Users/engdep/Desktop/HttpSample/DerivedDataCache/Compressed.ddp not found, will not use a pak cache.
[2021.06.21-08.16.27:467][  0]LogDerivedDataCache: Unable to find inner node CompressedPak for hierarchical cache Hierarchy.
[2021.06.21-08.16.27:476][  0]LogDerivedDataCache: Display: Pak cache opened for reading ../../../Engine/DerivedDataCache/Compressed.ddp.
[2021.06.21-08.16.27:476][  0]LogDerivedDataCache: FDerivedDataBackendGraph:  EnterprisePak pak cache file ../../../Enterprise/DerivedDataCache/Compressed.ddp not found, will not use a pak cache.
[2021.06.21-08.16.27:476][  0]LogDerivedDataCache: Unable to find inner node EnterprisePak for hierarchical cache Hierarchy.
[2021.06.21-08.16.27:477][  0]LogDerivedDataCache: Using Local data cache path C:/Users/engdep/AppData/Local/UnrealEngine/Common/DerivedDataCache: Writable
[2021.06.21-08.16.27:477][  0]LogDerivedDataCache: Shared data cache path not found in *engine.ini, will not use an Shared cache.
[2021.06.21-08.16.27:477][  0]LogDerivedDataCache: Unable to find inner node Shared for hierarchical cache Hierarchy.
[2021.06.21-08.16.27:520][  0]LogSlate: Using FreeType 2.10.0
[2021.06.21-08.16.27:520][  0]LogSlate: SlateFontServices - WITH_FREETYPE: 1, WITH_HARFBUZZ: 1
[2021.06.21-08.16.27:544][  0]LogAssetRegistry: FAssetRegistry took 0.0025 seconds to start up
[2021.06.21-08.16.27:731][  0]LogInit: Selected Device Profile: [Windows]
[2021.06.21-08.16.27:823][  0]LogMeshReduction: Using QuadricMeshReduction for automatic static mesh reduction
[2021.06.21-08.16.27:823][  0]LogMeshReduction: Using SimplygonMeshReduction for automatic skeletal mesh reduction
[2021.06.21-08.16.27:823][  0]LogMeshReduction: Using ProxyLODMeshReduction for automatic mesh merging
[2021.06.21-08.16.27:823][  0]LogMeshReduction: No distributed automatic mesh merging module available
[2021.06.21-08.16.27:823][  0]LogMeshMerging: No distributed automatic mesh merging module available
[2021.06.21-08.16.27:836][  0]LogNetVersion: HttpSample 1.0.0, NetCL: 13144385, EngineNetVer: 14, GameNetVer: 0 (Checksum: 3800803376)
[2021.06.21-08.16.28:232][  0]LogAISub: UAISubsystem::UAISubsystem AISubsystem (000001573C695D00), frame # 0
[2021.06.21-08.16.28:232][  0]LogAISub: UAISubsystem::UAISubsystem AIPerceptionSystem (000001573C5F9080), frame # 0
[2021.06.21-08.16.28:233][  0]LogAISub: UAISubsystem::UAISubsystem EnvQueryManager (000001573C63DE00), frame # 0
[2021.06.21-08.16.28:277][  0]LogPackageLocalizationCache: Processed 19 localized package path(s) for 1 prioritized culture(s) in 0.039204 seconds
[2021.06.21-08.16.28:281][  0]LogUObjectArray: 15917 objects as part of root set at end of initial load.
[2021.06.21-08.16.28:281][  0]LogUObjectAllocator: 3965568 out of 0 bytes used by permanent object pool.
[2021.06.21-08.16.28:281][  0]LogUObjectArray: CloseDisregardForGC: 0/0 objects in disregard for GC pool
[2021.06.21-08.16.28:537][  0]LogTcpMessaging: Initializing TcpMessaging bridge
[2021.06.21-08.16.28:540][  0]LogUdpMessaging: Initializing bridge on interface 0.0.0.0:0 to multicast group 230.0.0.1:6666.
[2021.06.21-08.16.28:617][  0]SourceControl: Source control is disabled
[2021.06.21-08.16.28:617][  0]SourceControl: Source control is disabled
[2021.06.21-08.16.28:619][  0]SourceControl: Source control is disabled
[2021.06.21-08.16.28:621][  0]SourceControl: Source control is disabled
[2021.06.21-08.16.28:626][  0]SourceControl: Source control is disabled
[2021.06.21-08.16.28:814][  0]LogAndroidPermission: UAndroidPermissionCallbackProxy::GetInstance
[2021.06.21-08.16.28:829][  0]LogAudioCaptureCore: Display: No Audio Capture implementations found. Audio input will be silent.
[2021.06.21-08.16.28:829][  0]LogAudioCaptureCore: Display: No Audio Capture implementations found. Audio input will be silent.
[2021.06.21-08.16.28:869][  0]LogOcInput: OculusInput pre-init called
[2021.06.21-08.16.28:878][  0]LogWindows: Failed to load 'OVRPlugin.dll' (GetLastError=126)
[2021.06.21-08.16.28:878][  0]LogWindows: File 'OVRPlugin.dll' does not exist
[2021.06.21-08.16.28:927][  0]LogEngine: Initializing Engine...
[2021.06.21-08.16.28:928][  0]LogHMD: Failed to initialize OpenVR with code 110
[2021.06.21-08.16.28:928][  0]LogMagicLeap: Warning: VR disabled because ZI is not enabled.  To enable, in the editor, Edit -> Project Settings -> Plugins -> Magic Leap Plugin -> Enable Zero Iteration
[2021.06.21-08.16.28:929][  0]LogStats: UGameplayTagsManager::InitializeManager -  0.000 s
[2021.06.21-08.16.29:018][  0]LogInit: Initializing FReadOnlyCVARCache
[2021.06.21-08.16.29:026][  0]LogAIModule: Creating AISystem for world Untitled
[2021.06.21-08.16.29:026][  0]LogAISub: UAISubsystem::UAISubsystem EnvQueryManager (000001573EC7BC00), frame # 0
[2021.06.21-08.16.29:026][  0]LogAISub: UAISubsystem::UAISubsystem AIPerceptionSystem (000001573ECE9580), frame # 0
[2021.06.21-08.16.29:040][  0]LogAudioMixer: Display: Audio Mixer Platform Settings:
[2021.06.21-08.16.29:040][  0]LogAudioMixer: Display: 	Sample Rate:						  48000
[2021.06.21-08.16.29:040][  0]LogAudioMixer: Display: 	Callback Buffer Frame Size Requested: 1024
[2021.06.21-08.16.29:040][  0]LogAudioMixer: Display: 	Callback Buffer Frame Size To Use:	  1024
[2021.06.21-08.16.29:040][  0]LogAudioMixer: Display: 	Number of buffers to queue:			  2
[2021.06.21-08.16.29:040][  0]LogAudioMixer: Display: 	Max Channels (voices):				  32
[2021.06.21-08.16.29:040][  0]LogAudioMixer: Display: 	Number of Async Source Workers:		  0
[2021.06.21-08.16.29:040][  0]LogAudio: Display: AudioDevice MaxSources: 32
[2021.06.21-08.16.29:040][  0]LogAudio: Display: Using built-in audio occlusion.
[2021.06.21-08.16.29:040][  0]LogAudioMixer: Display: Initializing audio mixer.
[2021.06.21-08.16.29:053][  0]LogAudioMixer: Display: 0: FrontLeft
[2021.06.21-08.16.29:053][  0]LogAudioMixer: Display: 1: FrontRight
[2021.06.21-08.16.29:211][  0]LogAudioMixer: Display: Using Audio Device Speakers (2- Realtek(R) Audio)
[2021.06.21-08.16.29:213][  0]LogAudioMixer: Display: Initializing Sound Submixes...
[2021.06.21-08.16.29:215][  0]LogAudioMixer: Display: Creating Master Submix 'MasterSubmixDefault'
[2021.06.21-08.16.29:215][  0]LogAudioMixer: Display: Creating Master Submix 'MasterReverbSubmixDefault'
[2021.06.21-08.16.29:216][  0]LogAudioMixer: Display: Creating Master Submix 'MasterEQSubmixDefault'
[2021.06.21-08.16.29:217][  0]LogInit: FAudioDevice initialized.
[2021.06.21-08.16.29:217][  0]LogNetVersion: Set ProjectVersion to 1.0.0.0. Version Checksum will be recalculated on next use.
[2021.06.21-08.16.29:278][  0]LogDerivedDataCache: Saved boot cache 0.06s 76MB C:/Users/engdep/AppData/Local/UnrealEngine/4.25/DerivedDataCache/Boot.ddc.
[2021.06.21-08.16.29:279][  0]LogInit: Texture streaming: Enabled
[2021.06.21-08.16.29:291][  0]LogEngineSessionManager: EngineSessionManager initialized
[2021.06.21-08.16.29:291][  0]LogEngineSessionManager: EngineSessionManager sent abnormal shutdown report. Type=Crashed, SessionId={BD08CE1E-4DB8-9C5B-B53C-699789435FD3}
[2021.06.21-08.16.29:291][  0]LogEditorSessionSummary: Verbose: Initializing EditorSessionSummaryWriter for editor session tracking
[2021.06.21-08.16.29:293][  0]LogEditorSessionSummary: EditorSessionSummaryWriter initialized
[2021.06.21-08.16.29:327][  0]LogInit: Transaction tracking system initialized
[2021.06.21-08.16.29:343][  0]BlueprintLog: New page: Editor Load
[2021.06.21-08.16.29:395][  0]LocalizationService: Localization service is disabled
[2021.06.21-08.16.29:525][  0]LogCook: Display: Max memory allowance for cook 16384mb min free memory 0mb
[2021.06.21-08.16.29:525][  0]LogCook: Display: Mobile HDR setting 1
[2021.06.21-08.16.29:633][  0]LogFileCache: Scanning file cache for directory 'C:/Users/engdep/Desktop/HttpSample/Content/' took 0.00s
[2021.06.21-08.16.29:890][  0]SourceControl: Source control is disabled
[2021.06.21-08.16.29:890][  0]LogUnrealEdMisc: Loading editor; pre map load, took 5.510
[2021.06.21-08.16.29:890][  0]Cmd: MAP LOAD FILE="../../../../../../Users/engdep/Desktop/HttpSample/Content/ThirdPersonBP/Maps/ThirdPersonExampleMap.umap" TEMPLATE=0 SHOWPROGRESS=1 FEATURELEVEL=3
[2021.06.21-08.16.29:890][  0]LightingResults: New page: Lighting Build
[2021.06.21-08.16.29:891][  0]LogWorld: UWorld::CleanupWorld for Untitled, bSessionEnded=true, bCleanupResources=true
[2021.06.21-08.16.29:891][  0]LogSlate: InvalidateAllWidgets triggered.  All widgets were invalidated
[2021.06.21-08.16.29:891][  0]MapCheck: New page: Map Check
[2021.06.21-08.16.29:891][  0]LightingResults: New page: Lighting Build
[2021.06.21-08.16.29:901][  0]LogAISub: UAISubsystem::~UAISubsystem EnvQueryManager (000001573EC7BC00), frame # 0
[2021.06.21-08.16.29:901][  0]LogAISub: UAISubsystem::~UAISubsystem AIPerceptionSystem (000001573ECE9580), frame # 0
[2021.06.21-08.16.29:902][  0]LogUObjectHash: Compacting FUObjectHashTables data took   0.63ms
[2021.06.21-08.16.30:083][  0]LogAIModule: Creating AISystem for world ThirdPersonExampleMap
[2021.06.21-08.16.30:083][  0]LogAISub: UAISubsystem::UAISubsystem EnvQueryManager (000001572EBBBE00), frame # 0
[2021.06.21-08.16.30:083][  0]LogAISub: UAISubsystem::UAISubsystem AIPerceptionSystem (000001572EBEA840), frame # 0
[2021.06.21-08.16.30:091][  0]LogEditorServer: Finished looking for orphan Actors (0.000 secs)
[2021.06.21-08.16.30:104][  0]LogUObjectHash: Compacting FUObjectHashTables data took   0.80ms
[2021.06.21-08.16.30:104][  0]Cmd: MAP CHECKDEP NOCLEARLOG
[2021.06.21-08.16.30:105][  0]MapCheck: Map check complete: 0 Error(s), 0 Warning(s), took 0.149ms to complete.
[2021.06.21-08.16.30:105][  0]LogFileHelpers: Loading map 'ThirdPersonExampleMap' took 0.214
[2021.06.21-08.16.30:106][  0]LogUnrealEdMisc: Total Editor Startup Time, took 5.725
[2021.06.21-08.16.30:183][  0]LogWindowsTextInputMethodSystem: Display: IME system now activated using TSF (Microsoft IME).
[2021.06.21-08.16.30:224][  0]LogSlate: Updating window title bar state: overlay mode, drag disabled, window buttons hidden, title bar hidden
[2021.06.21-08.16.30:230][  0]LogSlate: Updating window title bar state: overlay mode, drag disabled, window buttons hidden, title bar hidden
[2021.06.21-08.16.30:237][  0]LogSlate: Updating window title bar state: overlay mode, drag disabled, window buttons hidden, title bar hidden
[2021.06.21-08.16.30:247][  0]LogSlate: Updating window title bar state: overlay mode, drag disabled, window buttons hidden, title bar hidden
[2021.06.21-08.16.30:254][  0]LogCollectionManager: Loaded 0 collections in 0.001700 seconds
[2021.06.21-08.16.30:273][  0]LogFileCache: Scanning file cache for directory 'C:/Users/engdep/Desktop/HttpSample/Saved/Collections/' took 0.00s
[2021.06.21-08.16.30:273][  0]LogFileCache: Scanning file cache for directory 'C:/Users/engdep/Desktop/HttpSample/Content/Developers/engdep/Collections/' took 0.00s
[2021.06.21-08.16.30:273][  0]LogFileCache: Scanning file cache for directory 'C:/Users/engdep/Desktop/HttpSample/Content/Collections/' took 0.00s
[2021.06.21-08.16.30:273][  0]LogContentBrowser: Native class hierarchy populated in 0.0145 seconds. Added 3428 classes and 823 folders.
[2021.06.21-08.16.30:275][  0]LogContentBrowser: Native class hierarchy updated for 'WidgetCarousel' in 0.0004 seconds. Added 0 classes and 0 folders.
[2021.06.21-08.16.30:336][  0]LogContentBrowser: Native class hierarchy updated for 'AddContentDialog' in 0.0004 seconds. Added 0 classes and 0 folders.
[2021.06.21-08.16.30:341][  0]LogContentBrowser: Native class hierarchy updated for 'SceneOutliner' in 0.0004 seconds. Added 2 classes and 0 folders.
[2021.06.21-08.16.30:352][  0]LogContentBrowser: Native class hierarchy updated for 'WorldBrowser' in 0.0005 seconds. Added 2 classes and 3 folders.
[2021.06.21-08.16.30:411][  0]LogSlate: Took 0.000134 seconds to synchronously load lazily loaded font '../../../Engine/Content/Slate/Fonts/Roboto-Regular.ttf' (155K)
[2021.06.21-08.16.30:413][  0]LogSlate: Took 0.000187 seconds to synchronously load lazily loaded font '../../../Engine/Content/Slate/Fonts/Roboto-Bold.ttf' (160K)
[2021.06.21-08.16.30:418][  0]LogSlate: Took 0.000212 seconds to synchronously load lazily loaded font '../../../Engine/Content/Editor/Slate/Fonts/FontAwesome.ttf' (139K)
[2021.06.21-08.16.30:475][  0]LogRenderer: Reallocating scene render targets to support 896x448 Format 10 NumSamples 1 (Frame:1).
[2021.06.21-08.16.30:586][  0]LogContentBrowser: Native class hierarchy updated for 'HierarchicalLODOutliner' in 0.0004 seconds. Added 0 classes and 0 folders.
[2021.06.21-08.16.30:586][  0]LogLoad: (Engine Initialization) Total time: 6.20 seconds
[2021.06.21-08.16.30:586][  0]LogLoad: (Engine Initialization) Total Blueprint compile time: 0.00 seconds
[2021.06.21-08.16.30:639][  0]LogAssetRegistry: Asset discovery search completed in 3.0950 seconds
[2021.06.21-08.16.30:642][  0]LogCollectionManager: Fixed up redirectors for 0 collections in 0.000002 seconds (updated 0 objects)
[2021.06.21-08.16.30:643][  0]LogContentStreaming: Texture pool size now 1000 MB
[2021.06.21-08.16.31:617][ 53]LogSlate: Took 0.000184 seconds to synchronously load lazily loaded font '../../../Engine/Content/Slate/Fonts/Roboto-Light.ttf' (167K)
[2021.06.21-08.16.39:129][475]LogAssetEditorSubsystem: Opening Asset editor for LevelScriptBlueprint /Game/ThirdPersonBP/Maps/ThirdPersonExampleMap.ThirdPersonExampleMap:PersistentLevel.ThirdPersonExampleMap
[2021.06.21-08.16.39:297][475]LogContentBrowser: Native class hierarchy updated for 'BlueprintGraph' in 0.0006 seconds. Added 125 classes and 0 folders.
[2021.06.21-08.16.39:988][475]LogSlate: Took 0.000183 seconds to synchronously load lazily loaded font '../../../Engine/Content/Slate/Fonts/Roboto-BoldCondensed.ttf' (158K)
[2021.06.21-08.16.40:019][476]LogSlate: Took 0.000264 seconds to synchronously load lazily loaded font '../../../Engine/Content/Slate/Fonts/Roboto-Italic.ttf' (157K)
[2021.06.21-08.16.41:429][546]LogSlate: Window 'ThirdPersonExampleMap' being destroyed
[2021.06.21-08.16.42:601][614]LogEditorViewport: Clicking on Actor (LMB): StaticMeshActor (Floor)
[2021.06.21-08.16.43:612][673]LogTemp: Repeating last play command: Selected Viewport
[2021.06.21-08.16.43:622][673]LogPlayLevel: PlayLevel: No blueprints needed recompiling
[2021.06.21-08.16.43:622][673]PIE: New page: PIE session: ThirdPersonExampleMap (2021/06/22 2:16:43)
[2021.06.21-08.16.43:670][673]LogOnline: OSS: Creating online subsystem instance for: NULL
[2021.06.21-08.16.43:671][673]LogOnline: OSS: TryLoadSubsystemAndSetDefault: Loaded subsystem for module [NULL]
[2021.06.21-08.16.43:671][673]LogPlayLevel: Creating play world package: /Game/ThirdPersonBP/Maps/UEDPIE_0_ThirdPersonExampleMap
[2021.06.21-08.16.43:684][673]LogPlayLevel: PIE: StaticDuplicateObject took: (0.013511s)
[2021.06.21-08.16.43:685][673]LogAIModule: Creating AISystem for world ThirdPersonExampleMap
[2021.06.21-08.16.43:685][673]LogAISub: UAISubsystem::UAISubsystem EnvQueryManager (00000157A6C9C400), frame # 673
[2021.06.21-08.16.43:686][673]LogAISub: UAISubsystem::UAISubsystem AIPerceptionSystem (00000157A6C7BD80), frame # 673
[2021.06.21-08.16.43:686][673]LogPlayLevel: PIE: World Init took: (0.001413s)
[2021.06.21-08.16.43:686][673]LogPlayLevel: PIE: Created PIE world by copying editor world from /Game/ThirdPersonBP/Maps/ThirdPersonExampleMap.ThirdPersonExampleMap to /Game/ThirdPersonBP/Maps/UEDPIE_0_ThirdPersonExampleMap.ThirdPersonExampleMap (0.015090s)
[2021.06.21-08.16.43:710][673]LogUObjectHash: Compacting FUObjectHashTables data took   1.64ms
[2021.06.21-08.16.43:711][673]LogAudioMixer: Display: Audio Mixer Platform Settings:
[2021.06.21-08.16.43:711][673]LogAudioMixer: Display: 	Sample Rate:						  48000
[2021.06.21-08.16.43:711][673]LogAudioMixer: Display: 	Callback Buffer Frame Size Requested: 1024
[2021.06.21-08.16.43:711][673]LogAudioMixer: Display: 	Callback Buffer Frame Size To Use:	  1024
[2021.06.21-08.16.43:711][673]LogAudioMixer: Display: 	Number of buffers to queue:			  2
[2021.06.21-08.16.43:711][673]LogAudioMixer: Display: 	Max Channels (voices):				  32
[2021.06.21-08.16.43:711][673]LogAudioMixer: Display: 	Number of Async Source Workers:		  0
[2021.06.21-08.16.43:711][673]LogAudio: Display: AudioDevice MaxSources: 32
[2021.06.21-08.16.43:711][673]LogAudio: Display: Using built-in audio occlusion.
[2021.06.21-08.16.43:711][673]LogAudioMixer: Display: Initializing audio mixer.
[2021.06.21-08.16.43:713][673]LogAudioMixer: Display: 0: FrontLeft
[2021.06.21-08.16.43:714][673]LogAudioMixer: Display: 1: FrontRight
[2021.06.21-08.16.43:726][673]LogAudioMixer: Display: Using Audio Device Speakers (2- Realtek(R) Audio)
[2021.06.21-08.16.43:727][673]LogAudioMixer: Display: Initializing Sound Submixes...
[2021.06.21-08.16.43:727][673]LogAudioMixer: Display: Creating Master Submix 'MasterSubmixDefault'
[2021.06.21-08.16.43:727][673]LogAudioMixer: Display: Creating Master Submix 'MasterReverbSubmixDefault'
[2021.06.21-08.16.43:727][673]LogAudioMixer: Display: Creating Master Submix 'MasterEQSubmixDefault'
[2021.06.21-08.16.43:739][673]LogInit: FAudioDevice initialized.
[2021.06.21-08.16.43:749][673]LogLoad: Game class is 'ThirdPersonGameMode_C'
[2021.06.21-08.16.43:751][673]LogWorld: Bringing World /Game/ThirdPersonBP/Maps/UEDPIE_0_ThirdPersonExampleMap.ThirdPersonExampleMap up for play (max tick rate 60) at 2021.06.21-17.16.43
[2021.06.21-08.16.43:751][673]LogWorld: Bringing up level for play took: 0.000963
[2021.06.21-08.16.43:751][673]LogOnline: OSS: Creating online subsystem instance for: :Context_5
[2021.06.21-08.16.43:754][673]LogContentBrowser: Native class hierarchy updated for 'MovieSceneCapture' in 0.0004 seconds. Added 20 classes and 0 folders.
[2021.06.21-08.16.43:755][673]PIE: Server logged in
[2021.06.21-08.16.43:756][673]PIE: Play in editor total start time 0.135 seconds.
[2021.06.21-08.16.45:111][738]LogHttp: Display: Sleeping 0.5s to wait for 1 outstanding Http requests.
[2021.06.21-08.16.45:612][738]LogHttp: Display: Sleeping 0.5s to wait for 1 outstanding Http requests.
[2021.06.21-08.16.46:113][738]LogOutputDevice: Warning: 

Script Stack (2 frames):
ThirdPersonExampleMap_C.ExecuteUbergraph_ThirdPersonExampleMap
ThirdPersonExampleMap_C.InpActEvt_C_K2Node_InputKeyEvent_0

[2021.06.21-08.16.46:113][738]LogWindows: Windows GetLastError: この操作を正しく終了しました。 (0)
[2021.06.21-08.16.48:104][738]LogWindows: Error: === Critical error: ===
[2021.06.21-08.16.48:104][738]LogWindows: Error: 
[2021.06.21-08.16.48:104][738]LogWindows: Error: Assertion failed: IsValid() [File:C:\Program Files\Epic Games\UE_4.25\Engine\Source\Runtime\Core\Public\Templates/SharedPointer.h] [Line: 890] 
[2021.06.21-08.16.48:104][738]LogWindows: Error: 
[2021.06.21-08.16.48:104][738]LogWindows: Error: 
[2021.06.21-08.16.48:104][738]LogWindows: Error: 
[2021.06.21-08.16.48:104][738]LogWindows: Error: [Callstack] 0x00007fff2c7b4b89 KERNELBASE.dll!UnknownFunction []
[2021.06.21-08.16.48:104][738]LogWindows: Error: [Callstack] 0x00007ffeb133ec66 UE4Editor-Core.dll!UnknownFunction []
[2021.06.21-08.16.48:104][738]LogWindows: Error: [Callstack] 0x00007ffeb1342048 UE4Editor-Core.dll!UnknownFunction []
[2021.06.21-08.16.48:104][738]LogWindows: Error: [Callstack] 0x00007ffeb10ce52d UE4Editor-Core.dll!UnknownFunction []
[2021.06.21-08.16.48:104][738]LogWindows: Error: [Callstack] 0x00007ffeb10597c5 UE4Editor-Core.dll!UnknownFunction []
[2021.06.21-08.16.48:104][738]LogWindows: Error: [Callstack] 0x00007ffeb105bb00 UE4Editor-Core.dll!UnknownFunction []
[2021.06.21-08.16.48:104][738]LogWindows: Error: [Callstack] 0x00007ffe966a7213 UE4Editor-HttpSample.dll!<lambda_71d9e0d53131d4b4922d76c30d95735e>::operator()() [C:\Users\engdep\Desktop\HttpSample\Source\HttpSample\HttpActor.cpp:120]
[2021.06.21-08.16.48:104][738]LogWindows: Error: [Callstack] 0x00007ffe966a8de0 UE4Editor-HttpSample.dll!TBaseFunctorDelegateInstance<void __cdecl(TSharedPtr<IHttpRequest,0>,TSharedPtr<IHttpResponse,1>,bool),<lambda_71d9e0d53131d4b4922d76c30d95735e> >::ExecuteIfSafe() [C:\Program Files\Epic Games\UE_4.25\Engine\Source\Runtime\Core\Public\Delegates\DelegateInstancesImpl.h:1005]
[2021.06.21-08.16.48:104][738]LogWindows: Error: [Callstack] 0x00007ffea5ac8b1b UE4Editor-HTTP.dll!UnknownFunction []
[2021.06.21-08.16.48:104][738]LogWindows: Error: [Callstack] 0x00007ffea5ac9f01 UE4Editor-HTTP.dll!UnknownFunction []
[2021.06.21-08.16.48:104][738]LogWindows: Error: [Callstack] 0x00007ffea5add435 UE4Editor-HTTP.dll!UnknownFunction []
[2021.06.21-08.16.48:104][738]LogWindows: Error: [Callstack] 0x00007ffea5acb087 UE4Editor-HTTP.dll!UnknownFunction []
[2021.06.21-08.16.48:104][738]LogWindows: Error: [Callstack] 0x00007ffe966addf9 UE4Editor-HttpSample.dll!AHttpActor::RequestFutaba() [C:\Users\engdep\Desktop\HttpSample\Source\HttpSample\HttpActor.cpp:124]
[2021.06.21-08.16.48:104][738]LogWindows: Error: [Callstack] 0x00007ffe966a9c83 UE4Editor-HttpSample.dll!AHttpActor::GetAccessToken() [C:\Users\engdep\Desktop\HttpSample\Source\HttpSample\HttpActor.cpp:174]
[2021.06.21-08.16.48:104][738]LogWindows: Error: [Callstack] 0x00007ffe966b0427 UE4Editor-HttpSample.dll!AHttpActor::execGetAccessToken() [C:\Users\engdep\Desktop\HttpSample\Intermediate\Build\Win64\UE4Editor\Inc\HttpSample\HttpActor.gen.cpp:41]
[2021.06.21-08.16.48:104][738]LogWindows: Error: [Callstack] 0x00007ffead830b34 UE4Editor-CoreUObject.dll!UnknownFunction []
[2021.06.21-08.16.48:104][738]LogWindows: Error: [Callstack] 0x00007ffeada800ad UE4Editor-CoreUObject.dll!UnknownFunction []
[2021.06.21-08.16.48:104][738]LogWindows: Error: [Callstack] 0x00007ffeadaa30e3 UE4Editor-CoreUObject.dll!UnknownFunction []
[2021.06.21-08.16.48:104][738]LogWindows: Error: [Callstack] 0x00007ffeadacc9c1 UE4Editor-CoreUObject.dll!UnknownFunction []
[2021.06.21-08.16.48:104][738]LogWindows: Error: [Callstack] 0x00007ffeadaa571d UE4Editor-CoreUObject.dll!UnknownFunction []
[2021.06.21-08.16.48:104][738]LogWindows: Error: [Callstack] 0x00007ffeada73bba UE4Editor-CoreUObject.dll!UnknownFunction []
[2021.06.21-08.16.48:104][738]LogWindows: Error: [Callstack] 0x00007ffeadaa5362 UE4Editor-CoreUObject.dll!UnknownFunction []
[2021.06.21-08.16.48:104][738]LogWindows: Error: [Callstack] 0x00007ffeadaa571d UE4Editor-CoreUObject.dll!UnknownFunction []
[2021.06.21-08.16.48:104][738]LogWindows: Error: [Callstack] 0x00007ffeadaa4c24 UE4Editor-CoreUObject.dll!UnknownFunction []
[2021.06.21-08.16.48:104][738]LogWindows: Error: [Callstack] 0x00007ffead830b34 UE4Editor-CoreUObject.dll!UnknownFunction []
[2021.06.21-08.16.48:104][738]LogWindows: Error: [Callstack] 0x00007ffeadaa4753 UE4Editor-CoreUObject.dll!UnknownFunction []
[2021.06.21-08.16.48:104][738]LogWindows: Error: [Callstack] 0x00007ffeae1dafe5 UE4Editor-Engine.dll!UnknownFunction []
[2021.06.21-08.16.48:104][738]LogWindows: Error: [Callstack] 0x00007ffeaf3990d4 UE4Editor-Engine.dll!UnknownFunction []
[2021.06.21-08.16.48:104][738]LogWindows: Error: [Callstack] 0x00007ffeaf3c514e UE4Editor-Engine.dll!UnknownFunction []
[2021.06.21-08.16.48:104][738]LogWindows: Error: [Callstack] 0x00007ffeaeecb988 UE4Editor-Engine.dll!UnknownFunction []
[2021.06.21-08.16.48:104][738]LogWindows: Error: [Callstack] 0x00007ffeaeedf1b4 UE4Editor-Engine.dll!UnknownFunction []
[2021.06.21-08.16.48:104][738]LogWindows: Error: [Callstack] 0x00007ffeaeec9a1b UE4Editor-Engine.dll!UnknownFunction []
[2021.06.21-08.16.48:104][738]LogWindows: Error: [Callstack] 0x00007ffeaeedd681 UE4Editor-Engine.dll!UnknownFunction []
[2021.06.21-08.16.48:104][738]LogWindows: Error: [Callstack] 0x00007ffeae1b9f84 UE4Editor-Engine.dll!UnknownFunction []
[2021.06.21-08.16.48:104][738]LogWindows: Error: [Callstack] 0x00007ffeaf27936f UE4Editor-Engine.dll!UnknownFunction []
[2021.06.21-08.16.48:104][738]LogWindows: Error: [Callstack] 0x00007ffeaf27e3c7 UE4Editor-Engine.dll!UnknownFunction []
[2021.06.21-08.16.48:104][738]LogWindows: Error: [Callstack] 0x00007ffeb0e787d8 UE4Editor-Core.dll!UnknownFunction []
[2021.06.21-08.16.48:104][738]LogWindows: Error: [Callstack] 0x00007ffeb0e78aa3 UE4Editor-Core.dll!UnknownFunction []
[2021.06.21-08.16.48:104][738]LogWindows: Error: [Callstack] 0x00007ffeb0e8f027 UE4Editor-Core.dll!UnknownFunction []
[2021.06.21-08.16.48:104][738]LogWindows: Error: [Callstack] 0x00007ffeaf29a402 UE4Editor-Engine.dll!UnknownFunction []
[2021.06.21-08.16.48:104][738]LogWindows: Error: [Callstack] 0x00007ffeaf29f6ca UE4Editor-Engine.dll!UnknownFunction []
[2021.06.21-08.16.48:104][738]LogWindows: Error: [Callstack] 0x00007ffeaea5d0bf UE4Editor-Engine.dll!UnknownFunction []
[2021.06.21-08.16.48:104][738]LogWindows: Error: [Callstack] 0x00007ffeaea67957 UE4Editor-Engine.dll!UnknownFunction []
[2021.06.21-08.16.48:104][738]LogWindows: Error: [Callstack] 0x00007ffeabfcaf57 UE4Editor-UnrealEd.dll!UnknownFunction []
[2021.06.21-08.16.48:104][738]LogWindows: Error: [Callstack] 0x00007ffeac8a37e6 UE4Editor-UnrealEd.dll!UnknownFunction []
[2021.06.21-08.16.48:104][738]LogWindows: Error: [Callstack] 0x00007ff6abdb7800 UE4Editor.exe!UnknownFunction []
[2021.06.21-08.16.48:104][738]LogWindows: Error: [Callstack] 0x00007ff6abdcba7c UE4Editor.exe!UnknownFunction []
[2021.06.21-08.16.48:104][738]LogWindows: Error: [Callstack] 0x00007ff6abdcbb5a UE4Editor.exe!UnknownFunction []
[2021.06.21-08.16.48:104][738]LogWindows: Error: [Callstack] 0x00007ff6abdde31d UE4Editor.exe!UnknownFunction []
[2021.06.21-08.16.48:104][738]LogWindows: Error: [Callstack] 0x00007ff6abde145a UE4Editor.exe!UnknownFunction []
[2021.06.21-08.16.48:105][738]LogWindows: Error: [Callstack] 0x00007fff2e0d7034 KERNEL32.DLL!UnknownFunction []
[2021.06.21-08.16.48:105][738]LogWindows: Error: [Callstack] 0x00007fff2ecc2651 ntdll.dll!UnknownFunction []
[2021.06.21-08.16.48:105][738]LogWindows: Error: 
[2021.06.21-08.16.48:120][738]LogExit: Executing StaticShutdownAfterError
[2021.06.21-08.16.48:123][738]LogWindows: FPlatformMisc::RequestExit(1)
[2021.06.21-08.16.48:123][738]LogCore: Engine exit requested (reason: Win RequestExit)
[2021.06.21-08.16.48:128][738]Log file closed, 06/21/21 17:16:48
